2014-09-15 18:15:01,174 test-test-thread-pool-dispatcher-21 ERROR [com.huhong.mineral.index.IndexReaderHolder(57)] 打开索引文件错误！
org.apache.lucene.index.IndexNotFoundException: no segments* file found in MMapDirectory@/Users/admin/Documents/mineral/mineral/testindex/03f9b73fac8040ce89924233036c6e2f lockFactory=NativeFSLockFactory@/Users/admin/Documents/mineral/mineral/testindex/03f9b73fac8040ce89924233036c6e2f: files: [_0.fdt, _0.fdx, write.lock]
	at org.apache.lucene.index.SegmentInfos$FindSegmentsFile.run(SegmentInfos.java:865)
	at org.apache.lucene.index.StandardDirectoryReader.open(StandardDirectoryReader.java:53)
	at org.apache.lucene.index.DirectoryReader.open(DirectoryReader.java:67)
	at com.huhong.mineral.index.IndexReaderHolder$$anonfun$2.apply(IndexReaderHolder.scala:50)
	at com.huhong.mineral.index.IndexReaderHolder$$anonfun$2.apply(IndexReaderHolder.scala:47)
	at scala.collection.TraversableLike$$anonfun$map$1.apply(TraversableLike.scala:244)
	at scala.collection.TraversableLike$$anonfun$map$1.apply(TraversableLike.scala:244)
	at scala.collection.immutable.List.foreach(List.scala:318)
	at scala.collection.TraversableLike$class.map(TraversableLike.scala:244)
	at scala.collection.AbstractTraversable.map(Traversable.scala:105)
	at com.huhong.mineral.index.IndexReaderHolder.reOpenIndexReader(IndexReaderHolder.scala:47)
	at com.huhong.mineral.index.IndexReaderHolder.getIndexReaders(IndexReaderHolder.scala:29)
	at com.huhong.mineral.index.IndexController.getReader(IndexController.scala:37)
	at com.huhong.mineral.index.IndexActor$$anonfun$receive$1.applyOrElse(IndexActor.scala:83)
	at akka.actor.Actor$class.aroundReceive(Actor.scala:465)
	at com.huhong.mineral.index.IndexActor.aroundReceive(IndexActor.scala:50)
	at akka.actor.ActorCell.receiveMessage(ActorCell.scala:516)
	at akka.actor.ActorCell.invoke(ActorCell.scala:487)
	at akka.dispatch.Mailbox.processMailbox(Mailbox.scala:238)
	at akka.dispatch.Mailbox.run(Mailbox.scala:220)
	at java.util.concurrent.ThreadPoolExecutor.runWorker(ThreadPoolExecutor.java:1145)
	at java.util.concurrent.ThreadPoolExecutor$Worker.run(ThreadPoolExecutor.java:615)
	at java.lang.Thread.run(Thread.java:724)
2014-09-15 18:15:01,175 test-test-thread-pool-dispatcher-17 ERROR [com.huhong.mineral.index.IndexReaderHolder(57)] 打开索引文件错误！
org.apache.lucene.index.IndexNotFoundException: no segments* file found in MMapDirectory@/Users/admin/Documents/mineral/mineral/testindex/03f9b73fac8040ce89924233036c6e2f lockFactory=NativeFSLockFactory@/Users/admin/Documents/mineral/mineral/testindex/03f9b73fac8040ce89924233036c6e2f: files: [_0.fdt, _0.fdx, write.lock]
	at org.apache.lucene.index.SegmentInfos$FindSegmentsFile.run(SegmentInfos.java:865)
	at org.apache.lucene.index.StandardDirectoryReader.open(StandardDirectoryReader.java:53)
	at org.apache.lucene.index.DirectoryReader.open(DirectoryReader.java:67)
	at com.huhong.mineral.index.IndexReaderHolder$$anonfun$2.apply(IndexReaderHolder.scala:50)
	at com.huhong.mineral.index.IndexReaderHolder$$anonfun$2.apply(IndexReaderHolder.scala:47)
	at scala.collection.TraversableLike$$anonfun$map$1.apply(TraversableLike.scala:244)
	at scala.collection.TraversableLike$$anonfun$map$1.apply(TraversableLike.scala:244)
	at scala.collection.immutable.List.foreach(List.scala:318)
	at scala.collection.TraversableLike$class.map(TraversableLike.scala:244)
	at scala.collection.AbstractTraversable.map(Traversable.scala:105)
	at com.huhong.mineral.index.IndexReaderHolder.reOpenIndexReader(IndexReaderHolder.scala:47)
	at com.huhong.mineral.index.IndexReaderHolder.getIndexReaders(IndexReaderHolder.scala:29)
	at com.huhong.mineral.index.IndexController.getReader(IndexController.scala:37)
	at com.huhong.mineral.index.IndexActor$$anonfun$receive$1.applyOrElse(IndexActor.scala:83)
	at akka.actor.Actor$class.aroundReceive(Actor.scala:465)
	at com.huhong.mineral.index.IndexActor.aroundReceive(IndexActor.scala:50)
	at akka.actor.ActorCell.receiveMessage(ActorCell.scala:516)
	at akka.actor.ActorCell.invoke(ActorCell.scala:487)
	at akka.dispatch.Mailbox.processMailbox(Mailbox.scala:238)
	at akka.dispatch.Mailbox.run(Mailbox.scala:220)
	at java.util.concurrent.ThreadPoolExecutor.runWorker(ThreadPoolExecutor.java:1145)
	at java.util.concurrent.ThreadPoolExecutor$Worker.run(ThreadPoolExecutor.java:615)
	at java.lang.Thread.run(Thread.java:724)
2014-09-15 18:15:01,176 test-test-thread-pool-dispatcher-11 ERROR [com.huhong.mineral.index.IndexReaderHolder(57)] 打开索引文件错误！
org.apache.lucene.index.IndexNotFoundException: no segments* file found in MMapDirectory@/Users/admin/Documents/mineral/mineral/testindex/03f9b73fac8040ce89924233036c6e2f lockFactory=NativeFSLockFactory@/Users/admin/Documents/mineral/mineral/testindex/03f9b73fac8040ce89924233036c6e2f: files: [_0.fdt, _0.fdx, write.lock]
	at org.apache.lucene.index.SegmentInfos$FindSegmentsFile.run(SegmentInfos.java:865)
	at org.apache.lucene.index.StandardDirectoryReader.open(StandardDirectoryReader.java:53)
	at org.apache.lucene.index.DirectoryReader.open(DirectoryReader.java:67)
	at com.huhong.mineral.index.IndexReaderHolder$$anonfun$2.apply(IndexReaderHolder.scala:50)
	at com.huhong.mineral.index.IndexReaderHolder$$anonfun$2.apply(IndexReaderHolder.scala:47)
	at scala.collection.TraversableLike$$anonfun$map$1.apply(TraversableLike.scala:244)
	at scala.collection.TraversableLike$$anonfun$map$1.apply(TraversableLike.scala:244)
	at scala.collection.immutable.List.foreach(List.scala:318)
	at scala.collection.TraversableLike$class.map(TraversableLike.scala:244)
	at scala.collection.AbstractTraversable.map(Traversable.scala:105)
	at com.huhong.mineral.index.IndexReaderHolder.reOpenIndexReader(IndexReaderHolder.scala:47)
	at com.huhong.mineral.index.IndexReaderHolder.getIndexReaders(IndexReaderHolder.scala:29)
	at com.huhong.mineral.index.IndexController.getReader(IndexController.scala:37)
	at com.huhong.mineral.index.IndexActor$$anonfun$receive$1.applyOrElse(IndexActor.scala:83)
	at akka.actor.Actor$class.aroundReceive(Actor.scala:465)
	at com.huhong.mineral.index.IndexActor.aroundReceive(IndexActor.scala:50)
	at akka.actor.ActorCell.receiveMessage(ActorCell.scala:516)
	at akka.actor.ActorCell.invoke(ActorCell.scala:487)
	at akka.dispatch.Mailbox.processMailbox(Mailbox.scala:238)
	at akka.dispatch.Mailbox.run(Mailbox.scala:220)
	at java.util.concurrent.ThreadPoolExecutor.runWorker(ThreadPoolExecutor.java:1145)
	at java.util.concurrent.ThreadPoolExecutor$Worker.run(ThreadPoolExecutor.java:615)
	at java.lang.Thread.run(Thread.java:724)
2014-09-15 18:15:01,177 test-test-thread-pool-dispatcher-10 ERROR [com.huhong.mineral.index.IndexReaderHolder(57)] 打开索引文件错误！
org.apache.lucene.index.IndexNotFoundException: no segments* file found in MMapDirectory@/Users/admin/Documents/mineral/mineral/testindex/03f9b73fac8040ce89924233036c6e2f lockFactory=NativeFSLockFactory@/Users/admin/Documents/mineral/mineral/testindex/03f9b73fac8040ce89924233036c6e2f: files: [_0.fdt, _0.fdx, write.lock]
	at org.apache.lucene.index.SegmentInfos$FindSegmentsFile.run(SegmentInfos.java:865)
	at org.apache.lucene.index.StandardDirectoryReader.open(StandardDirectoryReader.java:53)
	at org.apache.lucene.index.DirectoryReader.open(DirectoryReader.java:67)
	at com.huhong.mineral.index.IndexReaderHolder$$anonfun$2.apply(IndexReaderHolder.scala:50)
	at com.huhong.mineral.index.IndexReaderHolder$$anonfun$2.apply(IndexReaderHolder.scala:47)
	at scala.collection.TraversableLike$$anonfun$map$1.apply(TraversableLike.scala:244)
	at scala.collection.TraversableLike$$anonfun$map$1.apply(TraversableLike.scala:244)
	at scala.collection.immutable.List.foreach(List.scala:318)
	at scala.collection.TraversableLike$class.map(TraversableLike.scala:244)
	at scala.collection.AbstractTraversable.map(Traversable.scala:105)
	at com.huhong.mineral.index.IndexReaderHolder.reOpenIndexReader(IndexReaderHolder.scala:47)
	at com.huhong.mineral.index.IndexReaderHolder.getIndexReaders(IndexReaderHolder.scala:29)
	at com.huhong.mineral.index.IndexController.getReader(IndexController.scala:37)
	at com.huhong.mineral.index.IndexActor$$anonfun$receive$1.applyOrElse(IndexActor.scala:83)
	at akka.actor.Actor$class.aroundReceive(Actor.scala:465)
	at com.huhong.mineral.index.IndexActor.aroundReceive(IndexActor.scala:50)
	at akka.actor.ActorCell.receiveMessage(ActorCell.scala:516)
	at akka.actor.ActorCell.invoke(ActorCell.scala:487)
	at akka.dispatch.Mailbox.processMailbox(Mailbox.scala:238)
	at akka.dispatch.Mailbox.run(Mailbox.scala:220)
	at java.util.concurrent.ThreadPoolExecutor.runWorker(ThreadPoolExecutor.java:1145)
	at java.util.concurrent.ThreadPoolExecutor$Worker.run(ThreadPoolExecutor.java:615)
	at java.lang.Thread.run(Thread.java:724)
2014-09-15 18:15:01,177 test-test-thread-pool-dispatcher-19 ERROR [com.huhong.mineral.index.IndexReaderHolder(57)] 打开索引文件错误！
org.apache.lucene.index.IndexNotFoundException: no segments* file found in MMapDirectory@/Users/admin/Documents/mineral/mineral/testindex/03f9b73fac8040ce89924233036c6e2f lockFactory=NativeFSLockFactory@/Users/admin/Documents/mineral/mineral/testindex/03f9b73fac8040ce89924233036c6e2f: files: [_0.fdt, _0.fdx, write.lock]
	at org.apache.lucene.index.SegmentInfos$FindSegmentsFile.run(SegmentInfos.java:865)
	at org.apache.lucene.index.StandardDirectoryReader.open(StandardDirectoryReader.java:53)
	at org.apache.lucene.index.DirectoryReader.open(DirectoryReader.java:67)
	at com.huhong.mineral.index.IndexReaderHolder$$anonfun$2.apply(IndexReaderHolder.scala:50)
	at com.huhong.mineral.index.IndexReaderHolder$$anonfun$2.apply(IndexReaderHolder.scala:47)
	at scala.collection.TraversableLike$$anonfun$map$1.apply(TraversableLike.scala:244)
	at scala.collection.TraversableLike$$anonfun$map$1.apply(TraversableLike.scala:244)
	at scala.collection.immutable.List.foreach(List.scala:318)
	at scala.collection.TraversableLike$class.map(TraversableLike.scala:244)
	at scala.collection.AbstractTraversable.map(Traversable.scala:105)
	at com.huhong.mineral.index.IndexReaderHolder.reOpenIndexReader(IndexReaderHolder.scala:47)
	at com.huhong.mineral.index.IndexReaderHolder.getIndexReaders(IndexReaderHolder.scala:29)
	at com.huhong.mineral.index.IndexController.getReader(IndexController.scala:37)
	at com.huhong.mineral.index.IndexActor$$anonfun$receive$1.applyOrElse(IndexActor.scala:83)
	at akka.actor.Actor$class.aroundReceive(Actor.scala:465)
	at com.huhong.mineral.index.IndexActor.aroundReceive(IndexActor.scala:50)
	at akka.actor.ActorCell.receiveMessage(ActorCell.scala:516)
	at akka.actor.ActorCell.invoke(ActorCell.scala:487)
	at akka.dispatch.Mailbox.processMailbox(Mailbox.scala:238)
	at akka.dispatch.Mailbox.run(Mailbox.scala:220)
	at java.util.concurrent.ThreadPoolExecutor.runWorker(ThreadPoolExecutor.java:1145)
	at java.util.concurrent.ThreadPoolExecutor$Worker.run(ThreadPoolExecutor.java:615)
	at java.lang.Thread.run(Thread.java:724)
2014-09-15 18:15:01,179 test-test-thread-pool-dispatcher-16 ERROR [com.huhong.mineral.index.IndexReaderHolder(57)] 打开索引文件错误！
org.apache.lucene.index.IndexNotFoundException: no segments* file found in MMapDirectory@/Users/admin/Documents/mineral/mineral/testindex/03f9b73fac8040ce89924233036c6e2f lockFactory=NativeFSLockFactory@/Users/admin/Documents/mineral/mineral/testindex/03f9b73fac8040ce89924233036c6e2f: files: [_0.fdt, _0.fdx, write.lock]
	at org.apache.lucene.index.SegmentInfos$FindSegmentsFile.run(SegmentInfos.java:865)
	at org.apache.lucene.index.StandardDirectoryReader.open(StandardDirectoryReader.java:53)
	at org.apache.lucene.index.DirectoryReader.open(DirectoryReader.java:67)
	at com.huhong.mineral.index.IndexReaderHolder$$anonfun$2.apply(IndexReaderHolder.scala:50)
	at com.huhong.mineral.index.IndexReaderHolder$$anonfun$2.apply(IndexReaderHolder.scala:47)
	at scala.collection.TraversableLike$$anonfun$map$1.apply(TraversableLike.scala:244)
	at scala.collection.TraversableLike$$anonfun$map$1.apply(TraversableLike.scala:244)
	at scala.collection.immutable.List.foreach(List.scala:318)
	at scala.collection.TraversableLike$class.map(TraversableLike.scala:244)
	at scala.collection.AbstractTraversable.map(Traversable.scala:105)
	at com.huhong.mineral.index.IndexReaderHolder.reOpenIndexReader(IndexReaderHolder.scala:47)
	at com.huhong.mineral.index.IndexReaderHolder.getIndexReaders(IndexReaderHolder.scala:29)
	at com.huhong.mineral.index.IndexController.getReader(IndexController.scala:37)
	at com.huhong.mineral.index.IndexActor$$anonfun$receive$1.applyOrElse(IndexActor.scala:83)
	at akka.actor.Actor$class.aroundReceive(Actor.scala:465)
	at com.huhong.mineral.index.IndexActor.aroundReceive(IndexActor.scala:50)
	at akka.actor.ActorCell.receiveMessage(ActorCell.scala:516)
	at akka.actor.ActorCell.invoke(ActorCell.scala:487)
	at akka.dispatch.Mailbox.processMailbox(Mailbox.scala:238)
	at akka.dispatch.Mailbox.run(Mailbox.scala:220)
	at java.util.concurrent.ThreadPoolExecutor.runWorker(ThreadPoolExecutor.java:1145)
	at java.util.concurrent.ThreadPoolExecutor$Worker.run(ThreadPoolExecutor.java:615)
	at java.lang.Thread.run(Thread.java:724)
2014-09-15 18:15:01,181 test-test-thread-pool-dispatcher-10 ERROR [com.huhong.mineral.index.IndexReaderHolder(57)] 打开索引文件错误！
org.apache.lucene.index.IndexNotFoundException: no segments* file found in MMapDirectory@/Users/admin/Documents/mineral/mineral/testindex/03f9b73fac8040ce89924233036c6e2f lockFactory=NativeFSLockFactory@/Users/admin/Documents/mineral/mineral/testindex/03f9b73fac8040ce89924233036c6e2f: files: [_0.fdt, _0.fdx, write.lock]
	at org.apache.lucene.index.SegmentInfos$FindSegmentsFile.run(SegmentInfos.java:865)
	at org.apache.lucene.index.StandardDirectoryReader.open(StandardDirectoryReader.java:53)
	at org.apache.lucene.index.DirectoryReader.open(DirectoryReader.java:67)
	at com.huhong.mineral.index.IndexReaderHolder$$anonfun$2.apply(IndexReaderHolder.scala:50)
	at com.huhong.mineral.index.IndexReaderHolder$$anonfun$2.apply(IndexReaderHolder.scala:47)
	at scala.collection.TraversableLike$$anonfun$map$1.apply(TraversableLike.scala:244)
	at scala.collection.TraversableLike$$anonfun$map$1.apply(TraversableLike.scala:244)
	at scala.collection.immutable.List.foreach(List.scala:318)
	at scala.collection.TraversableLike$class.map(TraversableLike.scala:244)
	at scala.collection.AbstractTraversable.map(Traversable.scala:105)
	at com.huhong.mineral.index.IndexReaderHolder.reOpenIndexReader(IndexReaderHolder.scala:47)
	at com.huhong.mineral.index.IndexReaderHolder.getIndexReaders(IndexReaderHolder.scala:29)
	at com.huhong.mineral.index.IndexController.getReader(IndexController.scala:37)
	at com.huhong.mineral.index.IndexActor$$anonfun$receive$1.applyOrElse(IndexActor.scala:83)
	at akka.actor.Actor$class.aroundReceive(Actor.scala:465)
	at com.huhong.mineral.index.IndexActor.aroundReceive(IndexActor.scala:50)
	at akka.actor.ActorCell.receiveMessage(ActorCell.scala:516)
	at akka.actor.ActorCell.invoke(ActorCell.scala:487)
	at akka.dispatch.Mailbox.processMailbox(Mailbox.scala:238)
	at akka.dispatch.Mailbox.run(Mailbox.scala:220)
	at java.util.concurrent.ThreadPoolExecutor.runWorker(ThreadPoolExecutor.java:1145)
	at java.util.concurrent.ThreadPoolExecutor$Worker.run(ThreadPoolExecutor.java:615)
	at java.lang.Thread.run(Thread.java:724)
2014-09-15 18:15:01,182 test-test-thread-pool-dispatcher-22 ERROR [com.huhong.mineral.index.IndexReaderHolder(57)] 打开索引文件错误！
org.apache.lucene.index.IndexNotFoundException: no segments* file found in MMapDirectory@/Users/admin/Documents/mineral/mineral/testindex/03f9b73fac8040ce89924233036c6e2f lockFactory=NativeFSLockFactory@/Users/admin/Documents/mineral/mineral/testindex/03f9b73fac8040ce89924233036c6e2f: files: [_0.fdt, _0.fdx, write.lock]
	at org.apache.lucene.index.SegmentInfos$FindSegmentsFile.run(SegmentInfos.java:865)
	at org.apache.lucene.index.StandardDirectoryReader.open(StandardDirectoryReader.java:53)
	at org.apache.lucene.index.DirectoryReader.open(DirectoryReader.java:67)
	at com.huhong.mineral.index.IndexReaderHolder$$anonfun$2.apply(IndexReaderHolder.scala:50)
	at com.huhong.mineral.index.IndexReaderHolder$$anonfun$2.apply(IndexReaderHolder.scala:47)
	at scala.collection.TraversableLike$$anonfun$map$1.apply(TraversableLike.scala:244)
	at scala.collection.TraversableLike$$anonfun$map$1.apply(TraversableLike.scala:244)
	at scala.collection.immutable.List.foreach(List.scala:318)
	at scala.collection.TraversableLike$class.map(TraversableLike.scala:244)
	at scala.collection.AbstractTraversable.map(Traversable.scala:105)
	at com.huhong.mineral.index.IndexReaderHolder.reOpenIndexReader(IndexReaderHolder.scala:47)
	at com.huhong.mineral.index.IndexReaderHolder.getIndexReaders(IndexReaderHolder.scala:29)
	at com.huhong.mineral.index.IndexController.getReader(IndexController.scala:37)
	at com.huhong.mineral.index.IndexActor$$anonfun$receive$1.applyOrElse(IndexActor.scala:83)
	at akka.actor.Actor$class.aroundReceive(Actor.scala:465)
	at com.huhong.mineral.index.IndexActor.aroundReceive(IndexActor.scala:50)
	at akka.actor.ActorCell.receiveMessage(ActorCell.scala:516)
	at akka.actor.ActorCell.invoke(ActorCell.scala:487)
	at akka.dispatch.Mailbox.processMailbox(Mailbox.scala:238)
	at akka.dispatch.Mailbox.run(Mailbox.scala:220)
	at java.util.concurrent.ThreadPoolExecutor.runWorker(ThreadPoolExecutor.java:1145)
	at java.util.concurrent.ThreadPoolExecutor$Worker.run(ThreadPoolExecutor.java:615)
	at java.lang.Thread.run(Thread.java:724)
2014-09-15 18:15:01,183 test-test-thread-pool-dispatcher-17 ERROR [com.huhong.mineral.index.IndexReaderHolder(57)] 打开索引文件错误！
org.apache.lucene.index.IndexNotFoundException: no segments* file found in MMapDirectory@/Users/admin/Documents/mineral/mineral/testindex/03f9b73fac8040ce89924233036c6e2f lockFactory=NativeFSLockFactory@/Users/admin/Documents/mineral/mineral/testindex/03f9b73fac8040ce89924233036c6e2f: files: [_0.fdt, _0.fdx, write.lock]
	at org.apache.lucene.index.SegmentInfos$FindSegmentsFile.run(SegmentInfos.java:865)
	at org.apache.lucene.index.StandardDirectoryReader.open(StandardDirectoryReader.java:53)
	at org.apache.lucene.index.DirectoryReader.open(DirectoryReader.java:67)
	at com.huhong.mineral.index.IndexReaderHolder$$anonfun$2.apply(IndexReaderHolder.scala:50)
	at com.huhong.mineral.index.IndexReaderHolder$$anonfun$2.apply(IndexReaderHolder.scala:47)
	at scala.collection.TraversableLike$$anonfun$map$1.apply(TraversableLike.scala:244)
	at scala.collection.TraversableLike$$anonfun$map$1.apply(TraversableLike.scala:244)
	at scala.collection.immutable.List.foreach(List.scala:318)
	at scala.collection.TraversableLike$class.map(TraversableLike.scala:244)
	at scala.collection.AbstractTraversable.map(Traversable.scala:105)
	at com.huhong.mineral.index.IndexReaderHolder.reOpenIndexReader(IndexReaderHolder.scala:47)
	at com.huhong.mineral.index.IndexReaderHolder.getIndexReaders(IndexReaderHolder.scala:29)
	at com.huhong.mineral.index.IndexController.getReader(IndexController.scala:37)
	at com.huhong.mineral.index.IndexActor$$anonfun$receive$1.applyOrElse(IndexActor.scala:83)
	at akka.actor.Actor$class.aroundReceive(Actor.scala:465)
	at com.huhong.mineral.index.IndexActor.aroundReceive(IndexActor.scala:50)
	at akka.actor.ActorCell.receiveMessage(ActorCell.scala:516)
	at akka.actor.ActorCell.invoke(ActorCell.scala:487)
	at akka.dispatch.Mailbox.processMailbox(Mailbox.scala:238)
	at akka.dispatch.Mailbox.run(Mailbox.scala:220)
	at java.util.concurrent.ThreadPoolExecutor.runWorker(ThreadPoolExecutor.java:1145)
	at java.util.concurrent.ThreadPoolExecutor$Worker.run(ThreadPoolExecutor.java:615)
	at java.lang.Thread.run(Thread.java:724)
2014-09-15 18:15:01,183 test-test-thread-pool-dispatcher-19 ERROR [com.huhong.mineral.index.IndexReaderHolder(57)] 打开索引文件错误！
org.apache.lucene.index.IndexNotFoundException: no segments* file found in MMapDirectory@/Users/admin/Documents/mineral/mineral/testindex/03f9b73fac8040ce89924233036c6e2f lockFactory=NativeFSLockFactory@/Users/admin/Documents/mineral/mineral/testindex/03f9b73fac8040ce89924233036c6e2f: files: [_0.fdt, _0.fdx, write.lock]
	at org.apache.lucene.index.SegmentInfos$FindSegmentsFile.run(SegmentInfos.java:865)
	at org.apache.lucene.index.StandardDirectoryReader.open(StandardDirectoryReader.java:53)
	at org.apache.lucene.index.DirectoryReader.open(DirectoryReader.java:67)
	at com.huhong.mineral.index.IndexReaderHolder$$anonfun$2.apply(IndexReaderHolder.scala:50)
	at com.huhong.mineral.index.IndexReaderHolder$$anonfun$2.apply(IndexReaderHolder.scala:47)
	at scala.collection.TraversableLike$$anonfun$map$1.apply(TraversableLike.scala:244)
	at scala.collection.TraversableLike$$anonfun$map$1.apply(TraversableLike.scala:244)
	at scala.collection.immutable.List.foreach(List.scala:318)
	at scala.collection.TraversableLike$class.map(TraversableLike.scala:244)
	at scala.collection.AbstractTraversable.map(Traversable.scala:105)
	at com.huhong.mineral.index.IndexReaderHolder.reOpenIndexReader(IndexReaderHolder.scala:47)
	at com.huhong.mineral.index.IndexReaderHolder.getIndexReaders(IndexReaderHolder.scala:29)
	at com.huhong.mineral.index.IndexController.getReader(IndexController.scala:37)
	at com.huhong.mineral.index.IndexActor$$anonfun$receive$1.applyOrElse(IndexActor.scala:83)
	at akka.actor.Actor$class.aroundReceive(Actor.scala:465)
	at com.huhong.mineral.index.IndexActor.aroundReceive(IndexActor.scala:50)
	at akka.actor.ActorCell.receiveMessage(ActorCell.scala:516)
	at akka.actor.ActorCell.invoke(ActorCell.scala:487)
	at akka.dispatch.Mailbox.processMailbox(Mailbox.scala:238)
	at akka.dispatch.Mailbox.run(Mailbox.scala:220)
	at java.util.concurrent.ThreadPoolExecutor.runWorker(ThreadPoolExecutor.java:1145)
	at java.util.concurrent.ThreadPoolExecutor$Worker.run(ThreadPoolExecutor.java:615)
	at java.lang.Thread.run(Thread.java:724)
2014-09-15 18:15:01,184 test-test-thread-pool-dispatcher-14 ERROR [com.huhong.mineral.index.IndexReaderHolder(57)] 打开索引文件错误！
org.apache.lucene.index.IndexNotFoundException: no segments* file found in MMapDirectory@/Users/admin/Documents/mineral/mineral/testindex/03f9b73fac8040ce89924233036c6e2f lockFactory=NativeFSLockFactory@/Users/admin/Documents/mineral/mineral/testindex/03f9b73fac8040ce89924233036c6e2f: files: [_0.fdt, _0.fdx, write.lock]
	at org.apache.lucene.index.SegmentInfos$FindSegmentsFile.run(SegmentInfos.java:865)
	at org.apache.lucene.index.StandardDirectoryReader.open(StandardDirectoryReader.java:53)
	at org.apache.lucene.index.DirectoryReader.open(DirectoryReader.java:67)
	at com.huhong.mineral.index.IndexReaderHolder$$anonfun$2.apply(IndexReaderHolder.scala:50)
	at com.huhong.mineral.index.IndexReaderHolder$$anonfun$2.apply(IndexReaderHolder.scala:47)
	at scala.collection.TraversableLike$$anonfun$map$1.apply(TraversableLike.scala:244)
	at scala.collection.TraversableLike$$anonfun$map$1.apply(TraversableLike.scala:244)
	at scala.collection.immutable.List.foreach(List.scala:318)
	at scala.collection.TraversableLike$class.map(TraversableLike.scala:244)
	at scala.collection.AbstractTraversable.map(Traversable.scala:105)
	at com.huhong.mineral.index.IndexReaderHolder.reOpenIndexReader(IndexReaderHolder.scala:47)
	at com.huhong.mineral.index.IndexReaderHolder.getIndexReaders(IndexReaderHolder.scala:29)
	at com.huhong.mineral.index.IndexController.getReader(IndexController.scala:37)
	at com.huhong.mineral.index.IndexActor$$anonfun$receive$1.applyOrElse(IndexActor.scala:83)
	at akka.actor.Actor$class.aroundReceive(Actor.scala:465)
	at com.huhong.mineral.index.IndexActor.aroundReceive(IndexActor.scala:50)
	at akka.actor.ActorCell.receiveMessage(ActorCell.scala:516)
	at akka.actor.ActorCell.invoke(ActorCell.scala:487)
	at akka.dispatch.Mailbox.processMailbox(Mailbox.scala:238)
	at akka.dispatch.Mailbox.run(Mailbox.scala:220)
	at java.util.concurrent.ThreadPoolExecutor.runWorker(ThreadPoolExecutor.java:1145)
	at java.util.concurrent.ThreadPoolExecutor$Worker.run(ThreadPoolExecutor.java:615)
	at java.lang.Thread.run(Thread.java:724)
2014-09-15 18:15:01,185 test-test-thread-pool-dispatcher-6 ERROR [com.huhong.mineral.index.IndexReaderHolder(57)] 打开索引文件错误！
org.apache.lucene.index.IndexNotFoundException: no segments* file found in MMapDirectory@/Users/admin/Documents/mineral/mineral/testindex/03f9b73fac8040ce89924233036c6e2f lockFactory=NativeFSLockFactory@/Users/admin/Documents/mineral/mineral/testindex/03f9b73fac8040ce89924233036c6e2f: files: [_0.fdt, _0.fdx, write.lock]
	at org.apache.lucene.index.SegmentInfos$FindSegmentsFile.run(SegmentInfos.java:865)
	at org.apache.lucene.index.StandardDirectoryReader.open(StandardDirectoryReader.java:53)
	at org.apache.lucene.index.DirectoryReader.open(DirectoryReader.java:67)
	at com.huhong.mineral.index.IndexReaderHolder$$anonfun$2.apply(IndexReaderHolder.scala:50)
	at com.huhong.mineral.index.IndexReaderHolder$$anonfun$2.apply(IndexReaderHolder.scala:47)
	at scala.collection.TraversableLike$$anonfun$map$1.apply(TraversableLike.scala:244)
	at scala.collection.TraversableLike$$anonfun$map$1.apply(TraversableLike.scala:244)
	at scala.collection.immutable.List.foreach(List.scala:318)
	at scala.collection.TraversableLike$class.map(TraversableLike.scala:244)
	at scala.collection.AbstractTraversable.map(Traversable.scala:105)
	at com.huhong.mineral.index.IndexReaderHolder.reOpenIndexReader(IndexReaderHolder.scala:47)
	at com.huhong.mineral.index.IndexReaderHolder.getIndexReaders(IndexReaderHolder.scala:29)
	at com.huhong.mineral.index.IndexController.getReader(IndexController.scala:37)
	at com.huhong.mineral.index.IndexActor$$anonfun$receive$1.applyOrElse(IndexActor.scala:83)
	at akka.actor.Actor$class.aroundReceive(Actor.scala:465)
	at com.huhong.mineral.index.IndexActor.aroundReceive(IndexActor.scala:50)
	at akka.actor.ActorCell.receiveMessage(ActorCell.scala:516)
	at akka.actor.ActorCell.invoke(ActorCell.scala:487)
	at akka.dispatch.Mailbox.processMailbox(Mailbox.scala:238)
	at akka.dispatch.Mailbox.run(Mailbox.scala:220)
	at java.util.concurrent.ThreadPoolExecutor.runWorker(ThreadPoolExecutor.java:1145)
	at java.util.concurrent.ThreadPoolExecutor$Worker.run(ThreadPoolExecutor.java:615)
	at java.lang.Thread.run(Thread.java:724)
2014-09-15 18:15:01,185 test-test-thread-pool-dispatcher-5 ERROR [com.huhong.mineral.index.IndexReaderHolder(57)] 打开索引文件错误！
org.apache.lucene.index.IndexNotFoundException: no segments* file found in MMapDirectory@/Users/admin/Documents/mineral/mineral/testindex/03f9b73fac8040ce89924233036c6e2f lockFactory=NativeFSLockFactory@/Users/admin/Documents/mineral/mineral/testindex/03f9b73fac8040ce89924233036c6e2f: files: [_0.fdt, _0.fdx, write.lock]
	at org.apache.lucene.index.SegmentInfos$FindSegmentsFile.run(SegmentInfos.java:865)
	at org.apache.lucene.index.StandardDirectoryReader.open(StandardDirectoryReader.java:53)
	at org.apache.lucene.index.DirectoryReader.open(DirectoryReader.java:67)
	at com.huhong.mineral.index.IndexReaderHolder$$anonfun$2.apply(IndexReaderHolder.scala:50)
	at com.huhong.mineral.index.IndexReaderHolder$$anonfun$2.apply(IndexReaderHolder.scala:47)
	at scala.collection.TraversableLike$$anonfun$map$1.apply(TraversableLike.scala:244)
	at scala.collection.TraversableLike$$anonfun$map$1.apply(TraversableLike.scala:244)
	at scala.collection.immutable.List.foreach(List.scala:318)
	at scala.collection.TraversableLike$class.map(TraversableLike.scala:244)
	at scala.collection.AbstractTraversable.map(Traversable.scala:105)
	at com.huhong.mineral.index.IndexReaderHolder.reOpenIndexReader(IndexReaderHolder.scala:47)
	at com.huhong.mineral.index.IndexReaderHolder.getIndexReaders(IndexReaderHolder.scala:29)
	at com.huhong.mineral.index.IndexController.getReader(IndexController.scala:37)
	at com.huhong.mineral.index.IndexActor$$anonfun$receive$1.applyOrElse(IndexActor.scala:83)
	at akka.actor.Actor$class.aroundReceive(Actor.scala:465)
	at com.huhong.mineral.index.IndexActor.aroundReceive(IndexActor.scala:50)
	at akka.actor.ActorCell.receiveMessage(ActorCell.scala:516)
	at akka.actor.ActorCell.invoke(ActorCell.scala:487)
	at akka.dispatch.Mailbox.processMailbox(Mailbox.scala:238)
	at akka.dispatch.Mailbox.run(Mailbox.scala:220)
	at java.util.concurrent.ThreadPoolExecutor.runWorker(ThreadPoolExecutor.java:1145)
	at java.util.concurrent.ThreadPoolExecutor$Worker.run(ThreadPoolExecutor.java:615)
	at java.lang.Thread.run(Thread.java:724)
2014-09-15 18:15:01,186 test-test-thread-pool-dispatcher-8 ERROR [com.huhong.mineral.index.IndexReaderHolder(57)] 打开索引文件错误！
org.apache.lucene.index.IndexNotFoundException: no segments* file found in MMapDirectory@/Users/admin/Documents/mineral/mineral/testindex/03f9b73fac8040ce89924233036c6e2f lockFactory=NativeFSLockFactory@/Users/admin/Documents/mineral/mineral/testindex/03f9b73fac8040ce89924233036c6e2f: files: [_0.fdt, _0.fdx, write.lock]
	at org.apache.lucene.index.SegmentInfos$FindSegmentsFile.run(SegmentInfos.java:865)
	at org.apache.lucene.index.StandardDirectoryReader.open(StandardDirectoryReader.java:53)
	at org.apache.lucene.index.DirectoryReader.open(DirectoryReader.java:67)
	at com.huhong.mineral.index.IndexReaderHolder$$anonfun$2.apply(IndexReaderHolder.scala:50)
	at com.huhong.mineral.index.IndexReaderHolder$$anonfun$2.apply(IndexReaderHolder.scala:47)
	at scala.collection.TraversableLike$$anonfun$map$1.apply(TraversableLike.scala:244)
	at scala.collection.TraversableLike$$anonfun$map$1.apply(TraversableLike.scala:244)
	at scala.collection.immutable.List.foreach(List.scala:318)
	at scala.collection.TraversableLike$class.map(TraversableLike.scala:244)
	at scala.collection.AbstractTraversable.map(Traversable.scala:105)
	at com.huhong.mineral.index.IndexReaderHolder.reOpenIndexReader(IndexReaderHolder.scala:47)
	at com.huhong.mineral.index.IndexReaderHolder.getIndexReaders(IndexReaderHolder.scala:29)
	at com.huhong.mineral.index.IndexController.getReader(IndexController.scala:37)
	at com.huhong.mineral.index.IndexActor$$anonfun$receive$1.applyOrElse(IndexActor.scala:83)
	at akka.actor.Actor$class.aroundReceive(Actor.scala:465)
	at com.huhong.mineral.index.IndexActor.aroundReceive(IndexActor.scala:50)
	at akka.actor.ActorCell.receiveMessage(ActorCell.scala:516)
	at akka.actor.ActorCell.invoke(ActorCell.scala:487)
	at akka.dispatch.Mailbox.processMailbox(Mailbox.scala:238)
	at akka.dispatch.Mailbox.run(Mailbox.scala:220)
	at java.util.concurrent.ThreadPoolExecutor.runWorker(ThreadPoolExecutor.java:1145)
	at java.util.concurrent.ThreadPoolExecutor$Worker.run(ThreadPoolExecutor.java:615)
	at java.lang.Thread.run(Thread.java:724)
2014-09-15 18:15:01,186 test-test-thread-pool-dispatcher-20 ERROR [com.huhong.mineral.index.IndexReaderHolder(57)] 打开索引文件错误！
org.apache.lucene.index.IndexNotFoundException: no segments* file found in MMapDirectory@/Users/admin/Documents/mineral/mineral/testindex/03f9b73fac8040ce89924233036c6e2f lockFactory=NativeFSLockFactory@/Users/admin/Documents/mineral/mineral/testindex/03f9b73fac8040ce89924233036c6e2f: files: [_0.fdt, _0.fdx, write.lock]
	at org.apache.lucene.index.SegmentInfos$FindSegmentsFile.run(SegmentInfos.java:865)
	at org.apache.lucene.index.StandardDirectoryReader.open(StandardDirectoryReader.java:53)
	at org.apache.lucene.index.DirectoryReader.open(DirectoryReader.java:67)
	at com.huhong.mineral.index.IndexReaderHolder$$anonfun$2.apply(IndexReaderHolder.scala:50)
	at com.huhong.mineral.index.IndexReaderHolder$$anonfun$2.apply(IndexReaderHolder.scala:47)
	at scala.collection.TraversableLike$$anonfun$map$1.apply(TraversableLike.scala:244)
	at scala.collection.TraversableLike$$anonfun$map$1.apply(TraversableLike.scala:244)
	at scala.collection.immutable.List.foreach(List.scala:318)
	at scala.collection.TraversableLike$class.map(TraversableLike.scala:244)
	at scala.collection.AbstractTraversable.map(Traversable.scala:105)
	at com.huhong.mineral.index.IndexReaderHolder.reOpenIndexReader(IndexReaderHolder.scala:47)
	at com.huhong.mineral.index.IndexReaderHolder.getIndexReaders(IndexReaderHolder.scala:29)
	at com.huhong.mineral.index.IndexController.getReader(IndexController.scala:37)
	at com.huhong.mineral.index.IndexActor$$anonfun$receive$1.applyOrElse(IndexActor.scala:83)
	at akka.actor.Actor$class.aroundReceive(Actor.scala:465)
	at com.huhong.mineral.index.IndexActor.aroundReceive(IndexActor.scala:50)
	at akka.actor.ActorCell.receiveMessage(ActorCell.scala:516)
	at akka.actor.ActorCell.invoke(ActorCell.scala:487)
	at akka.dispatch.Mailbox.processMailbox(Mailbox.scala:238)
	at akka.dispatch.Mailbox.run(Mailbox.scala:220)
	at java.util.concurrent.ThreadPoolExecutor.runWorker(ThreadPoolExecutor.java:1145)
	at java.util.concurrent.ThreadPoolExecutor$Worker.run(ThreadPoolExecutor.java:615)
	at java.lang.Thread.run(Thread.java:724)
2014-09-15 18:15:01,187 test-test-thread-pool-dispatcher-16 ERROR [com.huhong.mineral.index.IndexReaderHolder(57)] 打开索引文件错误！
org.apache.lucene.index.IndexNotFoundException: no segments* file found in MMapDirectory@/Users/admin/Documents/mineral/mineral/testindex/03f9b73fac8040ce89924233036c6e2f lockFactory=NativeFSLockFactory@/Users/admin/Documents/mineral/mineral/testindex/03f9b73fac8040ce89924233036c6e2f: files: [_0.fdt, _0.fdx, write.lock]
	at org.apache.lucene.index.SegmentInfos$FindSegmentsFile.run(SegmentInfos.java:865)
	at org.apache.lucene.index.StandardDirectoryReader.open(StandardDirectoryReader.java:53)
	at org.apache.lucene.index.DirectoryReader.open(DirectoryReader.java:67)
	at com.huhong.mineral.index.IndexReaderHolder$$anonfun$2.apply(IndexReaderHolder.scala:50)
	at com.huhong.mineral.index.IndexReaderHolder$$anonfun$2.apply(IndexReaderHolder.scala:47)
	at scala.collection.TraversableLike$$anonfun$map$1.apply(TraversableLike.scala:244)
	at scala.collection.TraversableLike$$anonfun$map$1.apply(TraversableLike.scala:244)
	at scala.collection.immutable.List.foreach(List.scala:318)
	at scala.collection.TraversableLike$class.map(TraversableLike.scala:244)
	at scala.collection.AbstractTraversable.map(Traversable.scala:105)
	at com.huhong.mineral.index.IndexReaderHolder.reOpenIndexReader(IndexReaderHolder.scala:47)
	at com.huhong.mineral.index.IndexReaderHolder.getIndexReaders(IndexReaderHolder.scala:29)
	at com.huhong.mineral.index.IndexController.getReader(IndexController.scala:37)
	at com.huhong.mineral.index.IndexActor$$anonfun$receive$1.applyOrElse(IndexActor.scala:83)
	at akka.actor.Actor$class.aroundReceive(Actor.scala:465)
	at com.huhong.mineral.index.IndexActor.aroundReceive(IndexActor.scala:50)
	at akka.actor.ActorCell.receiveMessage(ActorCell.scala:516)
	at akka.actor.ActorCell.invoke(ActorCell.scala:487)
	at akka.dispatch.Mailbox.processMailbox(Mailbox.scala:238)
	at akka.dispatch.Mailbox.run(Mailbox.scala:220)
	at java.util.concurrent.ThreadPoolExecutor.runWorker(ThreadPoolExecutor.java:1145)
	at java.util.concurrent.ThreadPoolExecutor$Worker.run(ThreadPoolExecutor.java:615)
	at java.lang.Thread.run(Thread.java:724)
2014-09-15 18:15:01,188 test-test-thread-pool-dispatcher-10 ERROR [com.huhong.mineral.index.IndexReaderHolder(57)] 打开索引文件错误！
org.apache.lucene.index.IndexNotFoundException: no segments* file found in MMapDirectory@/Users/admin/Documents/mineral/mineral/testindex/03f9b73fac8040ce89924233036c6e2f lockFactory=NativeFSLockFactory@/Users/admin/Documents/mineral/mineral/testindex/03f9b73fac8040ce89924233036c6e2f: files: [_0.fdt, _0.fdx, write.lock]
	at org.apache.lucene.index.SegmentInfos$FindSegmentsFile.run(SegmentInfos.java:865)
	at org.apache.lucene.index.StandardDirectoryReader.open(StandardDirectoryReader.java:53)
	at org.apache.lucene.index.DirectoryReader.open(DirectoryReader.java:67)
	at com.huhong.mineral.index.IndexReaderHolder$$anonfun$2.apply(IndexReaderHolder.scala:50)
	at com.huhong.mineral.index.IndexReaderHolder$$anonfun$2.apply(IndexReaderHolder.scala:47)
	at scala.collection.TraversableLike$$anonfun$map$1.apply(TraversableLike.scala:244)
	at scala.collection.TraversableLike$$anonfun$map$1.apply(TraversableLike.scala:244)
	at scala.collection.immutable.List.foreach(List.scala:318)
	at scala.collection.TraversableLike$class.map(TraversableLike.scala:244)
	at scala.collection.AbstractTraversable.map(Traversable.scala:105)
	at com.huhong.mineral.index.IndexReaderHolder.reOpenIndexReader(IndexReaderHolder.scala:47)
	at com.huhong.mineral.index.IndexReaderHolder.getIndexReaders(IndexReaderHolder.scala:29)
	at com.huhong.mineral.index.IndexController.getReader(IndexController.scala:37)
	at com.huhong.mineral.index.IndexActor$$anonfun$receive$1.applyOrElse(IndexActor.scala:83)
	at akka.actor.Actor$class.aroundReceive(Actor.scala:465)
	at com.huhong.mineral.index.IndexActor.aroundReceive(IndexActor.scala:50)
	at akka.actor.ActorCell.receiveMessage(ActorCell.scala:516)
	at akka.actor.ActorCell.invoke(ActorCell.scala:487)
	at akka.dispatch.Mailbox.processMailbox(Mailbox.scala:238)
	at akka.dispatch.Mailbox.run(Mailbox.scala:220)
	at java.util.concurrent.ThreadPoolExecutor.runWorker(ThreadPoolExecutor.java:1145)
	at java.util.concurrent.ThreadPoolExecutor$Worker.run(ThreadPoolExecutor.java:615)
	at java.lang.Thread.run(Thread.java:724)
2014-09-15 18:15:01,188 test-test-thread-pool-dispatcher-17 ERROR [com.huhong.mineral.index.IndexReaderHolder(57)] 打开索引文件错误！
org.apache.lucene.index.IndexNotFoundException: no segments* file found in MMapDirectory@/Users/admin/Documents/mineral/mineral/testindex/03f9b73fac8040ce89924233036c6e2f lockFactory=NativeFSLockFactory@/Users/admin/Documents/mineral/mineral/testindex/03f9b73fac8040ce89924233036c6e2f: files: [_0.fdt, _0.fdx, write.lock]
	at org.apache.lucene.index.SegmentInfos$FindSegmentsFile.run(SegmentInfos.java:865)
	at org.apache.lucene.index.StandardDirectoryReader.open(StandardDirectoryReader.java:53)
	at org.apache.lucene.index.DirectoryReader.open(DirectoryReader.java:67)
	at com.huhong.mineral.index.IndexReaderHolder$$anonfun$2.apply(IndexReaderHolder.scala:50)
	at com.huhong.mineral.index.IndexReaderHolder$$anonfun$2.apply(IndexReaderHolder.scala:47)
	at scala.collection.TraversableLike$$anonfun$map$1.apply(TraversableLike.scala:244)
	at scala.collection.TraversableLike$$anonfun$map$1.apply(TraversableLike.scala:244)
	at scala.collection.immutable.List.foreach(List.scala:318)
	at scala.collection.TraversableLike$class.map(TraversableLike.scala:244)
	at scala.collection.AbstractTraversable.map(Traversable.scala:105)
	at com.huhong.mineral.index.IndexReaderHolder.reOpenIndexReader(IndexReaderHolder.scala:47)
	at com.huhong.mineral.index.IndexReaderHolder.getIndexReaders(IndexReaderHolder.scala:29)
	at com.huhong.mineral.index.IndexController.getReader(IndexController.scala:37)
	at com.huhong.mineral.index.IndexActor$$anonfun$receive$1.applyOrElse(IndexActor.scala:83)
	at akka.actor.Actor$class.aroundReceive(Actor.scala:465)
	at com.huhong.mineral.index.IndexActor.aroundReceive(IndexActor.scala:50)
	at akka.actor.ActorCell.receiveMessage(ActorCell.scala:516)
	at akka.actor.ActorCell.invoke(ActorCell.scala:487)
	at akka.dispatch.Mailbox.processMailbox(Mailbox.scala:238)
	at akka.dispatch.Mailbox.run(Mailbox.scala:220)
	at java.util.concurrent.ThreadPoolExecutor.runWorker(ThreadPoolExecutor.java:1145)
	at java.util.concurrent.ThreadPoolExecutor$Worker.run(ThreadPoolExecutor.java:615)
	at java.lang.Thread.run(Thread.java:724)
2014-09-15 18:15:01,189 test-test-thread-pool-dispatcher-22 ERROR [com.huhong.mineral.index.IndexReaderHolder(57)] 打开索引文件错误！
org.apache.lucene.index.IndexNotFoundException: no segments* file found in MMapDirectory@/Users/admin/Documents/mineral/mineral/testindex/03f9b73fac8040ce89924233036c6e2f lockFactory=NativeFSLockFactory@/Users/admin/Documents/mineral/mineral/testindex/03f9b73fac8040ce89924233036c6e2f: files: [_0.fdt, _0.fdx, write.lock]
	at org.apache.lucene.index.SegmentInfos$FindSegmentsFile.run(SegmentInfos.java:865)
	at org.apache.lucene.index.StandardDirectoryReader.open(StandardDirectoryReader.java:53)
	at org.apache.lucene.index.DirectoryReader.open(DirectoryReader.java:67)
	at com.huhong.mineral.index.IndexReaderHolder$$anonfun$2.apply(IndexReaderHolder.scala:50)
	at com.huhong.mineral.index.IndexReaderHolder$$anonfun$2.apply(IndexReaderHolder.scala:47)
	at scala.collection.TraversableLike$$anonfun$map$1.apply(TraversableLike.scala:244)
	at scala.collection.TraversableLike$$anonfun$map$1.apply(TraversableLike.scala:244)
	at scala.collection.immutable.List.foreach(List.scala:318)
	at scala.collection.TraversableLike$class.map(TraversableLike.scala:244)
	at scala.collection.AbstractTraversable.map(Traversable.scala:105)
	at com.huhong.mineral.index.IndexReaderHolder.reOpenIndexReader(IndexReaderHolder.scala:47)
	at com.huhong.mineral.index.IndexReaderHolder.getIndexReaders(IndexReaderHolder.scala:29)
	at com.huhong.mineral.index.IndexController.getReader(IndexController.scala:37)
	at com.huhong.mineral.index.IndexActor$$anonfun$receive$1.applyOrElse(IndexActor.scala:83)
	at akka.actor.Actor$class.aroundReceive(Actor.scala:465)
	at com.huhong.mineral.index.IndexActor.aroundReceive(IndexActor.scala:50)
	at akka.actor.ActorCell.receiveMessage(ActorCell.scala:516)
	at akka.actor.ActorCell.invoke(ActorCell.scala:487)
	at akka.dispatch.Mailbox.processMailbox(Mailbox.scala:238)
	at akka.dispatch.Mailbox.run(Mailbox.scala:220)
	at java.util.concurrent.ThreadPoolExecutor.runWorker(ThreadPoolExecutor.java:1145)
	at java.util.concurrent.ThreadPoolExecutor$Worker.run(ThreadPoolExecutor.java:615)
	at java.lang.Thread.run(Thread.java:724)
2014-09-15 18:15:01,190 test-test-thread-pool-dispatcher-19 ERROR [com.huhong.mineral.index.IndexReaderHolder(57)] 打开索引文件错误！
org.apache.lucene.index.IndexNotFoundException: no segments* file found in MMapDirectory@/Users/admin/Documents/mineral/mineral/testindex/03f9b73fac8040ce89924233036c6e2f lockFactory=NativeFSLockFactory@/Users/admin/Documents/mineral/mineral/testindex/03f9b73fac8040ce89924233036c6e2f: files: [_0.fdt, _0.fdx, write.lock]
	at org.apache.lucene.index.SegmentInfos$FindSegmentsFile.run(SegmentInfos.java:865)
	at org.apache.lucene.index.StandardDirectoryReader.open(StandardDirectoryReader.java:53)
	at org.apache.lucene.index.DirectoryReader.open(DirectoryReader.java:67)
	at com.huhong.mineral.index.IndexReaderHolder$$anonfun$2.apply(IndexReaderHolder.scala:50)
	at com.huhong.mineral.index.IndexReaderHolder$$anonfun$2.apply(IndexReaderHolder.scala:47)
	at scala.collection.TraversableLike$$anonfun$map$1.apply(TraversableLike.scala:244)
	at scala.collection.TraversableLike$$anonfun$map$1.apply(TraversableLike.scala:244)
	at scala.collection.immutable.List.foreach(List.scala:318)
	at scala.collection.TraversableLike$class.map(TraversableLike.scala:244)
	at scala.collection.AbstractTraversable.map(Traversable.scala:105)
	at com.huhong.mineral.index.IndexReaderHolder.reOpenIndexReader(IndexReaderHolder.scala:47)
	at com.huhong.mineral.index.IndexReaderHolder.getIndexReaders(IndexReaderHolder.scala:29)
	at com.huhong.mineral.index.IndexController.getReader(IndexController.scala:37)
	at com.huhong.mineral.index.IndexActor$$anonfun$receive$1.applyOrElse(IndexActor.scala:83)
	at akka.actor.Actor$class.aroundReceive(Actor.scala:465)
	at com.huhong.mineral.index.IndexActor.aroundReceive(IndexActor.scala:50)
	at akka.actor.ActorCell.receiveMessage(ActorCell.scala:516)
	at akka.actor.ActorCell.invoke(ActorCell.scala:487)
	at akka.dispatch.Mailbox.processMailbox(Mailbox.scala:238)
	at akka.dispatch.Mailbox.run(Mailbox.scala:220)
	at java.util.concurrent.ThreadPoolExecutor.runWorker(ThreadPoolExecutor.java:1145)
	at java.util.concurrent.ThreadPoolExecutor$Worker.run(ThreadPoolExecutor.java:615)
	at java.lang.Thread.run(Thread.java:724)
2014-09-15 18:15:01,190 test-test-thread-pool-dispatcher-20 ERROR [com.huhong.mineral.index.IndexReaderHolder(57)] 打开索引文件错误！
org.apache.lucene.index.IndexNotFoundException: no segments* file found in MMapDirectory@/Users/admin/Documents/mineral/mineral/testindex/03f9b73fac8040ce89924233036c6e2f lockFactory=NativeFSLockFactory@/Users/admin/Documents/mineral/mineral/testindex/03f9b73fac8040ce89924233036c6e2f: files: [_0.fdt, _0.fdx, write.lock]
	at org.apache.lucene.index.SegmentInfos$FindSegmentsFile.run(SegmentInfos.java:865)
	at org.apache.lucene.index.StandardDirectoryReader.open(StandardDirectoryReader.java:53)
	at org.apache.lucene.index.DirectoryReader.open(DirectoryReader.java:67)
	at com.huhong.mineral.index.IndexReaderHolder$$anonfun$2.apply(IndexReaderHolder.scala:50)
	at com.huhong.mineral.index.IndexReaderHolder$$anonfun$2.apply(IndexReaderHolder.scala:47)
	at scala.collection.TraversableLike$$anonfun$map$1.apply(TraversableLike.scala:244)
	at scala.collection.TraversableLike$$anonfun$map$1.apply(TraversableLike.scala:244)
	at scala.collection.immutable.List.foreach(List.scala:318)
	at scala.collection.TraversableLike$class.map(TraversableLike.scala:244)
	at scala.collection.AbstractTraversable.map(Traversable.scala:105)
	at com.huhong.mineral.index.IndexReaderHolder.reOpenIndexReader(IndexReaderHolder.scala:47)
	at com.huhong.mineral.index.IndexReaderHolder.getIndexReaders(IndexReaderHolder.scala:29)
	at com.huhong.mineral.index.IndexController.getReader(IndexController.scala:37)
	at com.huhong.mineral.index.IndexActor$$anonfun$receive$1.applyOrElse(IndexActor.scala:83)
	at akka.actor.Actor$class.aroundReceive(Actor.scala:465)
	at com.huhong.mineral.index.IndexActor.aroundReceive(IndexActor.scala:50)
	at akka.actor.ActorCell.receiveMessage(ActorCell.scala:516)
	at akka.actor.ActorCell.invoke(ActorCell.scala:487)
	at akka.dispatch.Mailbox.processMailbox(Mailbox.scala:238)
	at akka.dispatch.Mailbox.run(Mailbox.scala:220)
	at java.util.concurrent.ThreadPoolExecutor.runWorker(ThreadPoolExecutor.java:1145)
	at java.util.concurrent.ThreadPoolExecutor$Worker.run(ThreadPoolExecutor.java:615)
	at java.lang.Thread.run(Thread.java:724)
2014-09-15 18:15:01,190 test-test-thread-pool-dispatcher-8 ERROR [com.huhong.mineral.index.IndexReaderHolder(57)] 打开索引文件错误！
org.apache.lucene.index.IndexNotFoundException: no segments* file found in MMapDirectory@/Users/admin/Documents/mineral/mineral/testindex/03f9b73fac8040ce89924233036c6e2f lockFactory=NativeFSLockFactory@/Users/admin/Documents/mineral/mineral/testindex/03f9b73fac8040ce89924233036c6e2f: files: [_0.fdt, _0.fdx, write.lock]
	at org.apache.lucene.index.SegmentInfos$FindSegmentsFile.run(SegmentInfos.java:865)
	at org.apache.lucene.index.StandardDirectoryReader.open(StandardDirectoryReader.java:53)
	at org.apache.lucene.index.DirectoryReader.open(DirectoryReader.java:67)
	at com.huhong.mineral.index.IndexReaderHolder$$anonfun$2.apply(IndexReaderHolder.scala:50)
	at com.huhong.mineral.index.IndexReaderHolder$$anonfun$2.apply(IndexReaderHolder.scala:47)
	at scala.collection.TraversableLike$$anonfun$map$1.apply(TraversableLike.scala:244)
	at scala.collection.TraversableLike$$anonfun$map$1.apply(TraversableLike.scala:244)
	at scala.collection.immutable.List.foreach(List.scala:318)
	at scala.collection.TraversableLike$class.map(TraversableLike.scala:244)
	at scala.collection.AbstractTraversable.map(Traversable.scala:105)
	at com.huhong.mineral.index.IndexReaderHolder.reOpenIndexReader(IndexReaderHolder.scala:47)
	at com.huhong.mineral.index.IndexReaderHolder.getIndexReaders(IndexReaderHolder.scala:29)
	at com.huhong.mineral.index.IndexController.getReader(IndexController.scala:37)
	at com.huhong.mineral.index.IndexActor$$anonfun$receive$1.applyOrElse(IndexActor.scala:83)
	at akka.actor.Actor$class.aroundReceive(Actor.scala:465)
	at com.huhong.mineral.index.IndexActor.aroundReceive(IndexActor.scala:50)
	at akka.actor.ActorCell.receiveMessage(ActorCell.scala:516)
	at akka.actor.ActorCell.invoke(ActorCell.scala:487)
	at akka.dispatch.Mailbox.processMailbox(Mailbox.scala:238)
	at akka.dispatch.Mailbox.run(Mailbox.scala:220)
	at java.util.concurrent.ThreadPoolExecutor.runWorker(ThreadPoolExecutor.java:1145)
	at java.util.concurrent.ThreadPoolExecutor$Worker.run(ThreadPoolExecutor.java:615)
	at java.lang.Thread.run(Thread.java:724)
2014-09-15 18:15:01,191 test-test-thread-pool-dispatcher-5 ERROR [com.huhong.mineral.index.IndexReaderHolder(57)] 打开索引文件错误！
org.apache.lucene.index.IndexNotFoundException: no segments* file found in MMapDirectory@/Users/admin/Documents/mineral/mineral/testindex/03f9b73fac8040ce89924233036c6e2f lockFactory=NativeFSLockFactory@/Users/admin/Documents/mineral/mineral/testindex/03f9b73fac8040ce89924233036c6e2f: files: [_0.fdt, _0.fdx, write.lock]
	at org.apache.lucene.index.SegmentInfos$FindSegmentsFile.run(SegmentInfos.java:865)
	at org.apache.lucene.index.StandardDirectoryReader.open(StandardDirectoryReader.java:53)
	at org.apache.lucene.index.DirectoryReader.open(DirectoryReader.java:67)
	at com.huhong.mineral.index.IndexReaderHolder$$anonfun$2.apply(IndexReaderHolder.scala:50)
	at com.huhong.mineral.index.IndexReaderHolder$$anonfun$2.apply(IndexReaderHolder.scala:47)
	at scala.collection.TraversableLike$$anonfun$map$1.apply(TraversableLike.scala:244)
	at scala.collection.TraversableLike$$anonfun$map$1.apply(TraversableLike.scala:244)
	at scala.collection.immutable.List.foreach(List.scala:318)
	at scala.collection.TraversableLike$class.map(TraversableLike.scala:244)
	at scala.collection.AbstractTraversable.map(Traversable.scala:105)
	at com.huhong.mineral.index.IndexReaderHolder.reOpenIndexReader(IndexReaderHolder.scala:47)
	at com.huhong.mineral.index.IndexReaderHolder.getIndexReaders(IndexReaderHolder.scala:29)
	at com.huhong.mineral.index.IndexController.getReader(IndexController.scala:37)
	at com.huhong.mineral.index.IndexActor$$anonfun$receive$1.applyOrElse(IndexActor.scala:83)
	at akka.actor.Actor$class.aroundReceive(Actor.scala:465)
	at com.huhong.mineral.index.IndexActor.aroundReceive(IndexActor.scala:50)
	at akka.actor.ActorCell.receiveMessage(ActorCell.scala:516)
	at akka.actor.ActorCell.invoke(ActorCell.scala:487)
	at akka.dispatch.Mailbox.processMailbox(Mailbox.scala:238)
	at akka.dispatch.Mailbox.run(Mailbox.scala:220)
	at java.util.concurrent.ThreadPoolExecutor.runWorker(ThreadPoolExecutor.java:1145)
	at java.util.concurrent.ThreadPoolExecutor$Worker.run(ThreadPoolExecutor.java:615)
	at java.lang.Thread.run(Thread.java:724)
2014-09-15 18:15:01,191 test-test-thread-pool-dispatcher-6 ERROR [com.huhong.mineral.index.IndexReaderHolder(57)] 打开索引文件错误！
org.apache.lucene.index.IndexNotFoundException: no segments* file found in MMapDirectory@/Users/admin/Documents/mineral/mineral/testindex/03f9b73fac8040ce89924233036c6e2f lockFactory=NativeFSLockFactory@/Users/admin/Documents/mineral/mineral/testindex/03f9b73fac8040ce89924233036c6e2f: files: [_0.fdt, _0.fdx, write.lock]
	at org.apache.lucene.index.SegmentInfos$FindSegmentsFile.run(SegmentInfos.java:865)
	at org.apache.lucene.index.StandardDirectoryReader.open(StandardDirectoryReader.java:53)
	at org.apache.lucene.index.DirectoryReader.open(DirectoryReader.java:67)
	at com.huhong.mineral.index.IndexReaderHolder$$anonfun$2.apply(IndexReaderHolder.scala:50)
	at com.huhong.mineral.index.IndexReaderHolder$$anonfun$2.apply(IndexReaderHolder.scala:47)
	at scala.collection.TraversableLike$$anonfun$map$1.apply(TraversableLike.scala:244)
	at scala.collection.TraversableLike$$anonfun$map$1.apply(TraversableLike.scala:244)
	at scala.collection.immutable.List.foreach(List.scala:318)
	at scala.collection.TraversableLike$class.map(TraversableLike.scala:244)
	at scala.collection.AbstractTraversable.map(Traversable.scala:105)
	at com.huhong.mineral.index.IndexReaderHolder.reOpenIndexReader(IndexReaderHolder.scala:47)
	at com.huhong.mineral.index.IndexReaderHolder.getIndexReaders(IndexReaderHolder.scala:29)
	at com.huhong.mineral.index.IndexController.getReader(IndexController.scala:37)
	at com.huhong.mineral.index.IndexActor$$anonfun$receive$1.applyOrElse(IndexActor.scala:83)
	at akka.actor.Actor$class.aroundReceive(Actor.scala:465)
	at com.huhong.mineral.index.IndexActor.aroundReceive(IndexActor.scala:50)
	at akka.actor.ActorCell.receiveMessage(ActorCell.scala:516)
	at akka.actor.ActorCell.invoke(ActorCell.scala:487)
	at akka.dispatch.Mailbox.processMailbox(Mailbox.scala:238)
	at akka.dispatch.Mailbox.run(Mailbox.scala:220)
	at java.util.concurrent.ThreadPoolExecutor.runWorker(ThreadPoolExecutor.java:1145)
	at java.util.concurrent.ThreadPoolExecutor$Worker.run(ThreadPoolExecutor.java:615)
	at java.lang.Thread.run(Thread.java:724)
2014-09-15 18:15:01,192 test-test-thread-pool-dispatcher-14 ERROR [com.huhong.mineral.index.IndexReaderHolder(57)] 打开索引文件错误！
org.apache.lucene.index.IndexNotFoundException: no segments* file found in MMapDirectory@/Users/admin/Documents/mineral/mineral/testindex/03f9b73fac8040ce89924233036c6e2f lockFactory=NativeFSLockFactory@/Users/admin/Documents/mineral/mineral/testindex/03f9b73fac8040ce89924233036c6e2f: files: [_0.fdt, _0.fdx, write.lock]
	at org.apache.lucene.index.SegmentInfos$FindSegmentsFile.run(SegmentInfos.java:865)
	at org.apache.lucene.index.StandardDirectoryReader.open(StandardDirectoryReader.java:53)
	at org.apache.lucene.index.DirectoryReader.open(DirectoryReader.java:67)
	at com.huhong.mineral.index.IndexReaderHolder$$anonfun$2.apply(IndexReaderHolder.scala:50)
	at com.huhong.mineral.index.IndexReaderHolder$$anonfun$2.apply(IndexReaderHolder.scala:47)
	at scala.collection.TraversableLike$$anonfun$map$1.apply(TraversableLike.scala:244)
	at scala.collection.TraversableLike$$anonfun$map$1.apply(TraversableLike.scala:244)
	at scala.collection.immutable.List.foreach(List.scala:318)
	at scala.collection.TraversableLike$class.map(TraversableLike.scala:244)
	at scala.collection.AbstractTraversable.map(Traversable.scala:105)
	at com.huhong.mineral.index.IndexReaderHolder.reOpenIndexReader(IndexReaderHolder.scala:47)
	at com.huhong.mineral.index.IndexReaderHolder.getIndexReaders(IndexReaderHolder.scala:29)
	at com.huhong.mineral.index.IndexController.getReader(IndexController.scala:37)
	at com.huhong.mineral.index.IndexActor$$anonfun$receive$1.applyOrElse(IndexActor.scala:83)
	at akka.actor.Actor$class.aroundReceive(Actor.scala:465)
	at com.huhong.mineral.index.IndexActor.aroundReceive(IndexActor.scala:50)
	at akka.actor.ActorCell.receiveMessage(ActorCell.scala:516)
	at akka.actor.ActorCell.invoke(ActorCell.scala:487)
	at akka.dispatch.Mailbox.processMailbox(Mailbox.scala:238)
	at akka.dispatch.Mailbox.run(Mailbox.scala:220)
	at java.util.concurrent.ThreadPoolExecutor.runWorker(ThreadPoolExecutor.java:1145)
	at java.util.concurrent.ThreadPoolExecutor$Worker.run(ThreadPoolExecutor.java:615)
	at java.lang.Thread.run(Thread.java:724)
2014-09-15 18:15:01,193 test-test-thread-pool-dispatcher-16 ERROR [com.huhong.mineral.index.IndexReaderHolder(57)] 打开索引文件错误！
org.apache.lucene.index.IndexNotFoundException: no segments* file found in MMapDirectory@/Users/admin/Documents/mineral/mineral/testindex/03f9b73fac8040ce89924233036c6e2f lockFactory=NativeFSLockFactory@/Users/admin/Documents/mineral/mineral/testindex/03f9b73fac8040ce89924233036c6e2f: files: [_0.fdt, _0.fdx, write.lock]
	at org.apache.lucene.index.SegmentInfos$FindSegmentsFile.run(SegmentInfos.java:865)
	at org.apache.lucene.index.StandardDirectoryReader.open(StandardDirectoryReader.java:53)
	at org.apache.lucene.index.DirectoryReader.open(DirectoryReader.java:67)
	at com.huhong.mineral.index.IndexReaderHolder$$anonfun$2.apply(IndexReaderHolder.scala:50)
	at com.huhong.mineral.index.IndexReaderHolder$$anonfun$2.apply(IndexReaderHolder.scala:47)
	at scala.collection.TraversableLike$$anonfun$map$1.apply(TraversableLike.scala:244)
	at scala.collection.TraversableLike$$anonfun$map$1.apply(TraversableLike.scala:244)
	at scala.collection.immutable.List.foreach(List.scala:318)
	at scala.collection.TraversableLike$class.map(TraversableLike.scala:244)
	at scala.collection.AbstractTraversable.map(Traversable.scala:105)
	at com.huhong.mineral.index.IndexReaderHolder.reOpenIndexReader(IndexReaderHolder.scala:47)
	at com.huhong.mineral.index.IndexReaderHolder.getIndexReaders(IndexReaderHolder.scala:29)
	at com.huhong.mineral.index.IndexController.getReader(IndexController.scala:37)
	at com.huhong.mineral.index.IndexActor$$anonfun$receive$1.applyOrElse(IndexActor.scala:83)
	at akka.actor.Actor$class.aroundReceive(Actor.scala:465)
	at com.huhong.mineral.index.IndexActor.aroundReceive(IndexActor.scala:50)
	at akka.actor.ActorCell.receiveMessage(ActorCell.scala:516)
	at akka.actor.ActorCell.invoke(ActorCell.scala:487)
	at akka.dispatch.Mailbox.processMailbox(Mailbox.scala:238)
	at akka.dispatch.Mailbox.run(Mailbox.scala:220)
	at java.util.concurrent.ThreadPoolExecutor.runWorker(ThreadPoolExecutor.java:1145)
	at java.util.concurrent.ThreadPoolExecutor$Worker.run(ThreadPoolExecutor.java:615)
	at java.lang.Thread.run(Thread.java:724)
2014-09-15 18:15:01,194 test-test-thread-pool-dispatcher-10 ERROR [com.huhong.mineral.index.IndexReaderHolder(57)] 打开索引文件错误！
org.apache.lucene.index.IndexNotFoundException: no segments* file found in MMapDirectory@/Users/admin/Documents/mineral/mineral/testindex/03f9b73fac8040ce89924233036c6e2f lockFactory=NativeFSLockFactory@/Users/admin/Documents/mineral/mineral/testindex/03f9b73fac8040ce89924233036c6e2f: files: [_0.fdt, _0.fdx, write.lock]
	at org.apache.lucene.index.SegmentInfos$FindSegmentsFile.run(SegmentInfos.java:865)
	at org.apache.lucene.index.StandardDirectoryReader.open(StandardDirectoryReader.java:53)
	at org.apache.lucene.index.DirectoryReader.open(DirectoryReader.java:67)
	at com.huhong.mineral.index.IndexReaderHolder$$anonfun$2.apply(IndexReaderHolder.scala:50)
	at com.huhong.mineral.index.IndexReaderHolder$$anonfun$2.apply(IndexReaderHolder.scala:47)
	at scala.collection.TraversableLike$$anonfun$map$1.apply(TraversableLike.scala:244)
	at scala.collection.TraversableLike$$anonfun$map$1.apply(TraversableLike.scala:244)
	at scala.collection.immutable.List.foreach(List.scala:318)
	at scala.collection.TraversableLike$class.map(TraversableLike.scala:244)
	at scala.collection.AbstractTraversable.map(Traversable.scala:105)
	at com.huhong.mineral.index.IndexReaderHolder.reOpenIndexReader(IndexReaderHolder.scala:47)
	at com.huhong.mineral.index.IndexReaderHolder.getIndexReaders(IndexReaderHolder.scala:29)
	at com.huhong.mineral.index.IndexController.getReader(IndexController.scala:37)
	at com.huhong.mineral.index.IndexActor$$anonfun$receive$1.applyOrElse(IndexActor.scala:83)
	at akka.actor.Actor$class.aroundReceive(Actor.scala:465)
	at com.huhong.mineral.index.IndexActor.aroundReceive(IndexActor.scala:50)
	at akka.actor.ActorCell.receiveMessage(ActorCell.scala:516)
	at akka.actor.ActorCell.invoke(ActorCell.scala:487)
	at akka.dispatch.Mailbox.processMailbox(Mailbox.scala:238)
	at akka.dispatch.Mailbox.run(Mailbox.scala:220)
	at java.util.concurrent.ThreadPoolExecutor.runWorker(ThreadPoolExecutor.java:1145)
	at java.util.concurrent.ThreadPoolExecutor$Worker.run(ThreadPoolExecutor.java:615)
	at java.lang.Thread.run(Thread.java:724)
2014-09-15 18:15:01,195 test-test-thread-pool-dispatcher-17 ERROR [com.huhong.mineral.index.IndexReaderHolder(57)] 打开索引文件错误！
org.apache.lucene.index.IndexNotFoundException: no segments* file found in MMapDirectory@/Users/admin/Documents/mineral/mineral/testindex/03f9b73fac8040ce89924233036c6e2f lockFactory=NativeFSLockFactory@/Users/admin/Documents/mineral/mineral/testindex/03f9b73fac8040ce89924233036c6e2f: files: [_0.fdt, _0.fdx, write.lock]
	at org.apache.lucene.index.SegmentInfos$FindSegmentsFile.run(SegmentInfos.java:865)
	at org.apache.lucene.index.StandardDirectoryReader.open(StandardDirectoryReader.java:53)
	at org.apache.lucene.index.DirectoryReader.open(DirectoryReader.java:67)
	at com.huhong.mineral.index.IndexReaderHolder$$anonfun$2.apply(IndexReaderHolder.scala:50)
	at com.huhong.mineral.index.IndexReaderHolder$$anonfun$2.apply(IndexReaderHolder.scala:47)
	at scala.collection.TraversableLike$$anonfun$map$1.apply(TraversableLike.scala:244)
	at scala.collection.TraversableLike$$anonfun$map$1.apply(TraversableLike.scala:244)
	at scala.collection.immutable.List.foreach(List.scala:318)
	at scala.collection.TraversableLike$class.map(TraversableLike.scala:244)
	at scala.collection.AbstractTraversable.map(Traversable.scala:105)
	at com.huhong.mineral.index.IndexReaderHolder.reOpenIndexReader(IndexReaderHolder.scala:47)
	at com.huhong.mineral.index.IndexReaderHolder.getIndexReaders(IndexReaderHolder.scala:29)
	at com.huhong.mineral.index.IndexController.getReader(IndexController.scala:37)
	at com.huhong.mineral.index.IndexActor$$anonfun$receive$1.applyOrElse(IndexActor.scala:83)
	at akka.actor.Actor$class.aroundReceive(Actor.scala:465)
	at com.huhong.mineral.index.IndexActor.aroundReceive(IndexActor.scala:50)
	at akka.actor.ActorCell.receiveMessage(ActorCell.scala:516)
	at akka.actor.ActorCell.invoke(ActorCell.scala:487)
	at akka.dispatch.Mailbox.processMailbox(Mailbox.scala:238)
	at akka.dispatch.Mailbox.run(Mailbox.scala:220)
	at java.util.concurrent.ThreadPoolExecutor.runWorker(ThreadPoolExecutor.java:1145)
	at java.util.concurrent.ThreadPoolExecutor$Worker.run(ThreadPoolExecutor.java:615)
	at java.lang.Thread.run(Thread.java:724)
2014-09-15 18:15:01,195 test-test-thread-pool-dispatcher-22 ERROR [com.huhong.mineral.index.IndexReaderHolder(57)] 打开索引文件错误！
org.apache.lucene.index.IndexNotFoundException: no segments* file found in MMapDirectory@/Users/admin/Documents/mineral/mineral/testindex/03f9b73fac8040ce89924233036c6e2f lockFactory=NativeFSLockFactory@/Users/admin/Documents/mineral/mineral/testindex/03f9b73fac8040ce89924233036c6e2f: files: [_0.fdt, _0.fdx, write.lock]
	at org.apache.lucene.index.SegmentInfos$FindSegmentsFile.run(SegmentInfos.java:865)
	at org.apache.lucene.index.StandardDirectoryReader.open(StandardDirectoryReader.java:53)
	at org.apache.lucene.index.DirectoryReader.open(DirectoryReader.java:67)
	at com.huhong.mineral.index.IndexReaderHolder$$anonfun$2.apply(IndexReaderHolder.scala:50)
	at com.huhong.mineral.index.IndexReaderHolder$$anonfun$2.apply(IndexReaderHolder.scala:47)
	at scala.collection.TraversableLike$$anonfun$map$1.apply(TraversableLike.scala:244)
	at scala.collection.TraversableLike$$anonfun$map$1.apply(TraversableLike.scala:244)
	at scala.collection.immutable.List.foreach(List.scala:318)
	at scala.collection.TraversableLike$class.map(TraversableLike.scala:244)
	at scala.collection.AbstractTraversable.map(Traversable.scala:105)
	at com.huhong.mineral.index.IndexReaderHolder.reOpenIndexReader(IndexReaderHolder.scala:47)
	at com.huhong.mineral.index.IndexReaderHolder.getIndexReaders(IndexReaderHolder.scala:29)
	at com.huhong.mineral.index.IndexController.getReader(IndexController.scala:37)
	at com.huhong.mineral.index.IndexActor$$anonfun$receive$1.applyOrElse(IndexActor.scala:83)
	at akka.actor.Actor$class.aroundReceive(Actor.scala:465)
	at com.huhong.mineral.index.IndexActor.aroundReceive(IndexActor.scala:50)
	at akka.actor.ActorCell.receiveMessage(ActorCell.scala:516)
	at akka.actor.ActorCell.invoke(ActorCell.scala:487)
	at akka.dispatch.Mailbox.processMailbox(Mailbox.scala:238)
	at akka.dispatch.Mailbox.run(Mailbox.scala:220)
	at java.util.concurrent.ThreadPoolExecutor.runWorker(ThreadPoolExecutor.java:1145)
	at java.util.concurrent.ThreadPoolExecutor$Worker.run(ThreadPoolExecutor.java:615)
	at java.lang.Thread.run(Thread.java:724)
2014-09-15 18:15:01,198 test-test-thread-pool-dispatcher-5 ERROR [com.huhong.mineral.index.IndexReaderHolder(57)] 打开索引文件错误！
org.apache.lucene.index.IndexNotFoundException: no segments* file found in MMapDirectory@/Users/admin/Documents/mineral/mineral/testindex/03f9b73fac8040ce89924233036c6e2f lockFactory=NativeFSLockFactory@/Users/admin/Documents/mineral/mineral/testindex/03f9b73fac8040ce89924233036c6e2f: files: [_0.fdt, _0.fdx, write.lock]
	at org.apache.lucene.index.SegmentInfos$FindSegmentsFile.run(SegmentInfos.java:865)
	at org.apache.lucene.index.StandardDirectoryReader.open(StandardDirectoryReader.java:53)
	at org.apache.lucene.index.DirectoryReader.open(DirectoryReader.java:67)
	at com.huhong.mineral.index.IndexReaderHolder$$anonfun$2.apply(IndexReaderHolder.scala:50)
	at com.huhong.mineral.index.IndexReaderHolder$$anonfun$2.apply(IndexReaderHolder.scala:47)
	at scala.collection.TraversableLike$$anonfun$map$1.apply(TraversableLike.scala:244)
	at scala.collection.TraversableLike$$anonfun$map$1.apply(TraversableLike.scala:244)
	at scala.collection.immutable.List.foreach(List.scala:318)
	at scala.collection.TraversableLike$class.map(TraversableLike.scala:244)
	at scala.collection.AbstractTraversable.map(Traversable.scala:105)
	at com.huhong.mineral.index.IndexReaderHolder.reOpenIndexReader(IndexReaderHolder.scala:47)
	at com.huhong.mineral.index.IndexReaderHolder.getIndexReaders(IndexReaderHolder.scala:29)
	at com.huhong.mineral.index.IndexController.getReader(IndexController.scala:37)
	at com.huhong.mineral.index.IndexActor$$anonfun$receive$1.applyOrElse(IndexActor.scala:83)
	at akka.actor.Actor$class.aroundReceive(Actor.scala:465)
	at com.huhong.mineral.index.IndexActor.aroundReceive(IndexActor.scala:50)
	at akka.actor.ActorCell.receiveMessage(ActorCell.scala:516)
	at akka.actor.ActorCell.invoke(ActorCell.scala:487)
	at akka.dispatch.Mailbox.processMailbox(Mailbox.scala:238)
	at akka.dispatch.Mailbox.run(Mailbox.scala:220)
	at java.util.concurrent.ThreadPoolExecutor.runWorker(ThreadPoolExecutor.java:1145)
	at java.util.concurrent.ThreadPoolExecutor$Worker.run(ThreadPoolExecutor.java:615)
	at java.lang.Thread.run(Thread.java:724)
2014-09-15 18:15:01,198 test-test-thread-pool-dispatcher-8 ERROR [com.huhong.mineral.index.IndexReaderHolder(57)] 打开索引文件错误！
org.apache.lucene.index.IndexNotFoundException: no segments* file found in MMapDirectory@/Users/admin/Documents/mineral/mineral/testindex/03f9b73fac8040ce89924233036c6e2f lockFactory=NativeFSLockFactory@/Users/admin/Documents/mineral/mineral/testindex/03f9b73fac8040ce89924233036c6e2f: files: [_0.fdt, _0.fdx, write.lock]
	at org.apache.lucene.index.SegmentInfos$FindSegmentsFile.run(SegmentInfos.java:865)
	at org.apache.lucene.index.StandardDirectoryReader.open(StandardDirectoryReader.java:53)
	at org.apache.lucene.index.DirectoryReader.open(DirectoryReader.java:67)
	at com.huhong.mineral.index.IndexReaderHolder$$anonfun$2.apply(IndexReaderHolder.scala:50)
	at com.huhong.mineral.index.IndexReaderHolder$$anonfun$2.apply(IndexReaderHolder.scala:47)
	at scala.collection.TraversableLike$$anonfun$map$1.apply(TraversableLike.scala:244)
	at scala.collection.TraversableLike$$anonfun$map$1.apply(TraversableLike.scala:244)
	at scala.collection.immutable.List.foreach(List.scala:318)
	at scala.collection.TraversableLike$class.map(TraversableLike.scala:244)
	at scala.collection.AbstractTraversable.map(Traversable.scala:105)
	at com.huhong.mineral.index.IndexReaderHolder.reOpenIndexReader(IndexReaderHolder.scala:47)
	at com.huhong.mineral.index.IndexReaderHolder.getIndexReaders(IndexReaderHolder.scala:29)
	at com.huhong.mineral.index.IndexController.getReader(IndexController.scala:37)
	at com.huhong.mineral.index.IndexActor$$anonfun$receive$1.applyOrElse(IndexActor.scala:83)
	at akka.actor.Actor$class.aroundReceive(Actor.scala:465)
	at com.huhong.mineral.index.IndexActor.aroundReceive(IndexActor.scala:50)
	at akka.actor.ActorCell.receiveMessage(ActorCell.scala:516)
	at akka.actor.ActorCell.invoke(ActorCell.scala:487)
	at akka.dispatch.Mailbox.processMailbox(Mailbox.scala:238)
	at akka.dispatch.Mailbox.run(Mailbox.scala:220)
	at java.util.concurrent.ThreadPoolExecutor.runWorker(ThreadPoolExecutor.java:1145)
	at java.util.concurrent.ThreadPoolExecutor$Worker.run(ThreadPoolExecutor.java:615)
	at java.lang.Thread.run(Thread.java:724)
2014-09-15 18:15:01,199 test-test-thread-pool-dispatcher-20 ERROR [com.huhong.mineral.index.IndexReaderHolder(57)] 打开索引文件错误！
org.apache.lucene.index.IndexNotFoundException: no segments* file found in MMapDirectory@/Users/admin/Documents/mineral/mineral/testindex/03f9b73fac8040ce89924233036c6e2f lockFactory=NativeFSLockFactory@/Users/admin/Documents/mineral/mineral/testindex/03f9b73fac8040ce89924233036c6e2f: files: [_0.fdt, _0.fdx, write.lock]
	at org.apache.lucene.index.SegmentInfos$FindSegmentsFile.run(SegmentInfos.java:865)
	at org.apache.lucene.index.StandardDirectoryReader.open(StandardDirectoryReader.java:53)
	at org.apache.lucene.index.DirectoryReader.open(DirectoryReader.java:67)
	at com.huhong.mineral.index.IndexReaderHolder$$anonfun$2.apply(IndexReaderHolder.scala:50)
	at com.huhong.mineral.index.IndexReaderHolder$$anonfun$2.apply(IndexReaderHolder.scala:47)
	at scala.collection.TraversableLike$$anonfun$map$1.apply(TraversableLike.scala:244)
	at scala.collection.TraversableLike$$anonfun$map$1.apply(TraversableLike.scala:244)
	at scala.collection.immutable.List.foreach(List.scala:318)
	at scala.collection.TraversableLike$class.map(TraversableLike.scala:244)
	at scala.collection.AbstractTraversable.map(Traversable.scala:105)
	at com.huhong.mineral.index.IndexReaderHolder.reOpenIndexReader(IndexReaderHolder.scala:47)
	at com.huhong.mineral.index.IndexReaderHolder.getIndexReaders(IndexReaderHolder.scala:29)
	at com.huhong.mineral.index.IndexController.getReader(IndexController.scala:37)
	at com.huhong.mineral.index.IndexActor$$anonfun$receive$1.applyOrElse(IndexActor.scala:83)
	at akka.actor.Actor$class.aroundReceive(Actor.scala:465)
	at com.huhong.mineral.index.IndexActor.aroundReceive(IndexActor.scala:50)
	at akka.actor.ActorCell.receiveMessage(ActorCell.scala:516)
	at akka.actor.ActorCell.invoke(ActorCell.scala:487)
	at akka.dispatch.Mailbox.processMailbox(Mailbox.scala:238)
	at akka.dispatch.Mailbox.run(Mailbox.scala:220)
	at java.util.concurrent.ThreadPoolExecutor.runWorker(ThreadPoolExecutor.java:1145)
	at java.util.concurrent.ThreadPoolExecutor$Worker.run(ThreadPoolExecutor.java:615)
	at java.lang.Thread.run(Thread.java:724)
2014-09-15 18:15:01,200 test-test-thread-pool-dispatcher-12 ERROR [com.huhong.mineral.index.IndexReaderHolder(57)] 打开索引文件错误！
org.apache.lucene.index.IndexNotFoundException: no segments* file found in MMapDirectory@/Users/admin/Documents/mineral/mineral/testindex/03f9b73fac8040ce89924233036c6e2f lockFactory=NativeFSLockFactory@/Users/admin/Documents/mineral/mineral/testindex/03f9b73fac8040ce89924233036c6e2f: files: [_0.fdt, _0.fdx, write.lock]
	at org.apache.lucene.index.SegmentInfos$FindSegmentsFile.run(SegmentInfos.java:865)
	at org.apache.lucene.index.StandardDirectoryReader.open(StandardDirectoryReader.java:53)
	at org.apache.lucene.index.DirectoryReader.open(DirectoryReader.java:67)
	at com.huhong.mineral.index.IndexReaderHolder$$anonfun$2.apply(IndexReaderHolder.scala:50)
	at com.huhong.mineral.index.IndexReaderHolder$$anonfun$2.apply(IndexReaderHolder.scala:47)
	at scala.collection.TraversableLike$$anonfun$map$1.apply(TraversableLike.scala:244)
	at scala.collection.TraversableLike$$anonfun$map$1.apply(TraversableLike.scala:244)
	at scala.collection.immutable.List.foreach(List.scala:318)
	at scala.collection.TraversableLike$class.map(TraversableLike.scala:244)
	at scala.collection.AbstractTraversable.map(Traversable.scala:105)
	at com.huhong.mineral.index.IndexReaderHolder.reOpenIndexReader(IndexReaderHolder.scala:47)
	at com.huhong.mineral.index.IndexReaderHolder.getIndexReaders(IndexReaderHolder.scala:29)
	at com.huhong.mineral.index.IndexController.getReader(IndexController.scala:37)
	at com.huhong.mineral.index.IndexActor$$anonfun$receive$1.applyOrElse(IndexActor.scala:83)
	at akka.actor.Actor$class.aroundReceive(Actor.scala:465)
	at com.huhong.mineral.index.IndexActor.aroundReceive(IndexActor.scala:50)
	at akka.actor.ActorCell.receiveMessage(ActorCell.scala:516)
	at akka.actor.ActorCell.invoke(ActorCell.scala:487)
	at akka.dispatch.Mailbox.processMailbox(Mailbox.scala:238)
	at akka.dispatch.Mailbox.run(Mailbox.scala:220)
	at java.util.concurrent.ThreadPoolExecutor.runWorker(ThreadPoolExecutor.java:1145)
	at java.util.concurrent.ThreadPoolExecutor$Worker.run(ThreadPoolExecutor.java:615)
	at java.lang.Thread.run(Thread.java:724)
2014-09-15 18:15:01,200 test-test-thread-pool-dispatcher-6 ERROR [com.huhong.mineral.index.IndexReaderHolder(57)] 打开索引文件错误！
org.apache.lucene.index.IndexNotFoundException: no segments* file found in MMapDirectory@/Users/admin/Documents/mineral/mineral/testindex/03f9b73fac8040ce89924233036c6e2f lockFactory=NativeFSLockFactory@/Users/admin/Documents/mineral/mineral/testindex/03f9b73fac8040ce89924233036c6e2f: files: [_0.fdt, _0.fdx, write.lock]
	at org.apache.lucene.index.SegmentInfos$FindSegmentsFile.run(SegmentInfos.java:865)
	at org.apache.lucene.index.StandardDirectoryReader.open(StandardDirectoryReader.java:53)
	at org.apache.lucene.index.DirectoryReader.open(DirectoryReader.java:67)
	at com.huhong.mineral.index.IndexReaderHolder$$anonfun$2.apply(IndexReaderHolder.scala:50)
	at com.huhong.mineral.index.IndexReaderHolder$$anonfun$2.apply(IndexReaderHolder.scala:47)
	at scala.collection.TraversableLike$$anonfun$map$1.apply(TraversableLike.scala:244)
	at scala.collection.TraversableLike$$anonfun$map$1.apply(TraversableLike.scala:244)
	at scala.collection.immutable.List.foreach(List.scala:318)
	at scala.collection.TraversableLike$class.map(TraversableLike.scala:244)
	at scala.collection.AbstractTraversable.map(Traversable.scala:105)
	at com.huhong.mineral.index.IndexReaderHolder.reOpenIndexReader(IndexReaderHolder.scala:47)
	at com.huhong.mineral.index.IndexReaderHolder.getIndexReaders(IndexReaderHolder.scala:29)
	at com.huhong.mineral.index.IndexController.getReader(IndexController.scala:37)
	at com.huhong.mineral.index.IndexActor$$anonfun$receive$1.applyOrElse(IndexActor.scala:83)
	at akka.actor.Actor$class.aroundReceive(Actor.scala:465)
	at com.huhong.mineral.index.IndexActor.aroundReceive(IndexActor.scala:50)
	at akka.actor.ActorCell.receiveMessage(ActorCell.scala:516)
	at akka.actor.ActorCell.invoke(ActorCell.scala:487)
	at akka.dispatch.Mailbox.processMailbox(Mailbox.scala:238)
	at akka.dispatch.Mailbox.run(Mailbox.scala:220)
	at java.util.concurrent.ThreadPoolExecutor.runWorker(ThreadPoolExecutor.java:1145)
	at java.util.concurrent.ThreadPoolExecutor$Worker.run(ThreadPoolExecutor.java:615)
	at java.lang.Thread.run(Thread.java:724)
2014-09-15 18:15:01,201 test-test-thread-pool-dispatcher-14 ERROR [com.huhong.mineral.index.IndexReaderHolder(57)] 打开索引文件错误！
org.apache.lucene.index.IndexNotFoundException: no segments* file found in MMapDirectory@/Users/admin/Documents/mineral/mineral/testindex/03f9b73fac8040ce89924233036c6e2f lockFactory=NativeFSLockFactory@/Users/admin/Documents/mineral/mineral/testindex/03f9b73fac8040ce89924233036c6e2f: files: [_0.fdt, _0.fdx, write.lock]
	at org.apache.lucene.index.SegmentInfos$FindSegmentsFile.run(SegmentInfos.java:865)
	at org.apache.lucene.index.StandardDirectoryReader.open(StandardDirectoryReader.java:53)
	at org.apache.lucene.index.DirectoryReader.open(DirectoryReader.java:67)
	at com.huhong.mineral.index.IndexReaderHolder$$anonfun$2.apply(IndexReaderHolder.scala:50)
	at com.huhong.mineral.index.IndexReaderHolder$$anonfun$2.apply(IndexReaderHolder.scala:47)
	at scala.collection.TraversableLike$$anonfun$map$1.apply(TraversableLike.scala:244)
	at scala.collection.TraversableLike$$anonfun$map$1.apply(TraversableLike.scala:244)
	at scala.collection.immutable.List.foreach(List.scala:318)
	at scala.collection.TraversableLike$class.map(TraversableLike.scala:244)
	at scala.collection.AbstractTraversable.map(Traversable.scala:105)
	at com.huhong.mineral.index.IndexReaderHolder.reOpenIndexReader(IndexReaderHolder.scala:47)
	at com.huhong.mineral.index.IndexReaderHolder.getIndexReaders(IndexReaderHolder.scala:29)
	at com.huhong.mineral.index.IndexController.getReader(IndexController.scala:37)
	at com.huhong.mineral.index.IndexActor$$anonfun$receive$1.applyOrElse(IndexActor.scala:83)
	at akka.actor.Actor$class.aroundReceive(Actor.scala:465)
	at com.huhong.mineral.index.IndexActor.aroundReceive(IndexActor.scala:50)
	at akka.actor.ActorCell.receiveMessage(ActorCell.scala:516)
	at akka.actor.ActorCell.invoke(ActorCell.scala:487)
	at akka.dispatch.Mailbox.processMailbox(Mailbox.scala:238)
	at akka.dispatch.Mailbox.run(Mailbox.scala:220)
	at java.util.concurrent.ThreadPoolExecutor.runWorker(ThreadPoolExecutor.java:1145)
	at java.util.concurrent.ThreadPoolExecutor$Worker.run(ThreadPoolExecutor.java:615)
	at java.lang.Thread.run(Thread.java:724)
2014-09-15 18:15:01,202 test-test-thread-pool-dispatcher-16 ERROR [com.huhong.mineral.index.IndexReaderHolder(57)] 打开索引文件错误！
org.apache.lucene.index.IndexNotFoundException: no segments* file found in MMapDirectory@/Users/admin/Documents/mineral/mineral/testindex/03f9b73fac8040ce89924233036c6e2f lockFactory=NativeFSLockFactory@/Users/admin/Documents/mineral/mineral/testindex/03f9b73fac8040ce89924233036c6e2f: files: [_0.fdt, _0.fdx, write.lock]
	at org.apache.lucene.index.SegmentInfos$FindSegmentsFile.run(SegmentInfos.java:865)
	at org.apache.lucene.index.StandardDirectoryReader.open(StandardDirectoryReader.java:53)
	at org.apache.lucene.index.DirectoryReader.open(DirectoryReader.java:67)
	at com.huhong.mineral.index.IndexReaderHolder$$anonfun$2.apply(IndexReaderHolder.scala:50)
	at com.huhong.mineral.index.IndexReaderHolder$$anonfun$2.apply(IndexReaderHolder.scala:47)
	at scala.collection.TraversableLike$$anonfun$map$1.apply(TraversableLike.scala:244)
	at scala.collection.TraversableLike$$anonfun$map$1.apply(TraversableLike.scala:244)
	at scala.collection.immutable.List.foreach(List.scala:318)
	at scala.collection.TraversableLike$class.map(TraversableLike.scala:244)
	at scala.collection.AbstractTraversable.map(Traversable.scala:105)
	at com.huhong.mineral.index.IndexReaderHolder.reOpenIndexReader(IndexReaderHolder.scala:47)
	at com.huhong.mineral.index.IndexReaderHolder.getIndexReaders(IndexReaderHolder.scala:29)
	at com.huhong.mineral.index.IndexController.getReader(IndexController.scala:37)
	at com.huhong.mineral.index.IndexActor$$anonfun$receive$1.applyOrElse(IndexActor.scala:83)
	at akka.actor.Actor$class.aroundReceive(Actor.scala:465)
	at com.huhong.mineral.index.IndexActor.aroundReceive(IndexActor.scala:50)
	at akka.actor.ActorCell.receiveMessage(ActorCell.scala:516)
	at akka.actor.ActorCell.invoke(ActorCell.scala:487)
	at akka.dispatch.Mailbox.processMailbox(Mailbox.scala:238)
	at akka.dispatch.Mailbox.run(Mailbox.scala:220)
	at java.util.concurrent.ThreadPoolExecutor.runWorker(ThreadPoolExecutor.java:1145)
	at java.util.concurrent.ThreadPoolExecutor$Worker.run(ThreadPoolExecutor.java:615)
	at java.lang.Thread.run(Thread.java:724)
2014-09-15 18:15:01,375 test-test-thread-pool-dispatcher-10 ERROR [com.huhong.mineral.index.IndexReaderHolder(57)] 打开索引文件错误！
org.apache.lucene.index.IndexNotFoundException: no segments* file found in MMapDirectory@/Users/admin/Documents/mineral/mineral/testindex/03f9b73fac8040ce89924233036c6e2f lockFactory=NativeFSLockFactory@/Users/admin/Documents/mineral/mineral/testindex/03f9b73fac8040ce89924233036c6e2f: files: [_0.fdt, _0.fdx, write.lock]
	at org.apache.lucene.index.SegmentInfos$FindSegmentsFile.run(SegmentInfos.java:865)
	at org.apache.lucene.index.StandardDirectoryReader.open(StandardDirectoryReader.java:53)
	at org.apache.lucene.index.DirectoryReader.open(DirectoryReader.java:67)
	at com.huhong.mineral.index.IndexReaderHolder$$anonfun$2.apply(IndexReaderHolder.scala:50)
	at com.huhong.mineral.index.IndexReaderHolder$$anonfun$2.apply(IndexReaderHolder.scala:47)
	at scala.collection.TraversableLike$$anonfun$map$1.apply(TraversableLike.scala:244)
	at scala.collection.TraversableLike$$anonfun$map$1.apply(TraversableLike.scala:244)
	at scala.collection.immutable.List.foreach(List.scala:318)
	at scala.collection.TraversableLike$class.map(TraversableLike.scala:244)
	at scala.collection.AbstractTraversable.map(Traversable.scala:105)
	at com.huhong.mineral.index.IndexReaderHolder.reOpenIndexReader(IndexReaderHolder.scala:47)
	at com.huhong.mineral.index.IndexReaderHolder.getIndexReaders(IndexReaderHolder.scala:29)
	at com.huhong.mineral.index.IndexController.getReader(IndexController.scala:37)
	at com.huhong.mineral.index.IndexActor$$anonfun$receive$1.applyOrElse(IndexActor.scala:83)
	at akka.actor.Actor$class.aroundReceive(Actor.scala:465)
	at com.huhong.mineral.index.IndexActor.aroundReceive(IndexActor.scala:50)
	at akka.actor.ActorCell.receiveMessage(ActorCell.scala:516)
	at akka.actor.ActorCell.invoke(ActorCell.scala:487)
	at akka.dispatch.Mailbox.processMailbox(Mailbox.scala:238)
	at akka.dispatch.Mailbox.run(Mailbox.scala:220)
	at java.util.concurrent.ThreadPoolExecutor.runWorker(ThreadPoolExecutor.java:1145)
	at java.util.concurrent.ThreadPoolExecutor$Worker.run(ThreadPoolExecutor.java:615)
	at java.lang.Thread.run(Thread.java:724)
2014-09-15 18:15:01,377 test-test-thread-pool-dispatcher-17 ERROR [com.huhong.mineral.index.IndexReaderHolder(57)] 打开索引文件错误！
org.apache.lucene.index.IndexNotFoundException: no segments* file found in MMapDirectory@/Users/admin/Documents/mineral/mineral/testindex/03f9b73fac8040ce89924233036c6e2f lockFactory=NativeFSLockFactory@/Users/admin/Documents/mineral/mineral/testindex/03f9b73fac8040ce89924233036c6e2f: files: [_0.fdt, _0.fdx, write.lock]
	at org.apache.lucene.index.SegmentInfos$FindSegmentsFile.run(SegmentInfos.java:865)
	at org.apache.lucene.index.StandardDirectoryReader.open(StandardDirectoryReader.java:53)
	at org.apache.lucene.index.DirectoryReader.open(DirectoryReader.java:67)
	at com.huhong.mineral.index.IndexReaderHolder$$anonfun$2.apply(IndexReaderHolder.scala:50)
	at com.huhong.mineral.index.IndexReaderHolder$$anonfun$2.apply(IndexReaderHolder.scala:47)
	at scala.collection.TraversableLike$$anonfun$map$1.apply(TraversableLike.scala:244)
	at scala.collection.TraversableLike$$anonfun$map$1.apply(TraversableLike.scala:244)
	at scala.collection.immutable.List.foreach(List.scala:318)
	at scala.collection.TraversableLike$class.map(TraversableLike.scala:244)
	at scala.collection.AbstractTraversable.map(Traversable.scala:105)
	at com.huhong.mineral.index.IndexReaderHolder.reOpenIndexReader(IndexReaderHolder.scala:47)
	at com.huhong.mineral.index.IndexReaderHolder.getIndexReaders(IndexReaderHolder.scala:29)
	at com.huhong.mineral.index.IndexController.getReader(IndexController.scala:37)
	at com.huhong.mineral.index.IndexActor$$anonfun$receive$1.applyOrElse(IndexActor.scala:83)
	at akka.actor.Actor$class.aroundReceive(Actor.scala:465)
	at com.huhong.mineral.index.IndexActor.aroundReceive(IndexActor.scala:50)
	at akka.actor.ActorCell.receiveMessage(ActorCell.scala:516)
	at akka.actor.ActorCell.invoke(ActorCell.scala:487)
	at akka.dispatch.Mailbox.processMailbox(Mailbox.scala:238)
	at akka.dispatch.Mailbox.run(Mailbox.scala:220)
	at java.util.concurrent.ThreadPoolExecutor.runWorker(ThreadPoolExecutor.java:1145)
	at java.util.concurrent.ThreadPoolExecutor$Worker.run(ThreadPoolExecutor.java:615)
	at java.lang.Thread.run(Thread.java:724)
2014-09-15 18:15:01,378 test-test-thread-pool-dispatcher-22 ERROR [com.huhong.mineral.index.IndexReaderHolder(57)] 打开索引文件错误！
org.apache.lucene.index.IndexNotFoundException: no segments* file found in MMapDirectory@/Users/admin/Documents/mineral/mineral/testindex/03f9b73fac8040ce89924233036c6e2f lockFactory=NativeFSLockFactory@/Users/admin/Documents/mineral/mineral/testindex/03f9b73fac8040ce89924233036c6e2f: files: [_0.fdt, _0.fdx, write.lock]
	at org.apache.lucene.index.SegmentInfos$FindSegmentsFile.run(SegmentInfos.java:865)
	at org.apache.lucene.index.StandardDirectoryReader.open(StandardDirectoryReader.java:53)
	at org.apache.lucene.index.DirectoryReader.open(DirectoryReader.java:67)
	at com.huhong.mineral.index.IndexReaderHolder$$anonfun$2.apply(IndexReaderHolder.scala:50)
	at com.huhong.mineral.index.IndexReaderHolder$$anonfun$2.apply(IndexReaderHolder.scala:47)
	at scala.collection.TraversableLike$$anonfun$map$1.apply(TraversableLike.scala:244)
	at scala.collection.TraversableLike$$anonfun$map$1.apply(TraversableLike.scala:244)
	at scala.collection.immutable.List.foreach(List.scala:318)
	at scala.collection.TraversableLike$class.map(TraversableLike.scala:244)
	at scala.collection.AbstractTraversable.map(Traversable.scala:105)
	at com.huhong.mineral.index.IndexReaderHolder.reOpenIndexReader(IndexReaderHolder.scala:47)
	at com.huhong.mineral.index.IndexReaderHolder.getIndexReaders(IndexReaderHolder.scala:29)
	at com.huhong.mineral.index.IndexController.getReader(IndexController.scala:37)
	at com.huhong.mineral.index.IndexActor$$anonfun$receive$1.applyOrElse(IndexActor.scala:83)
	at akka.actor.Actor$class.aroundReceive(Actor.scala:465)
	at com.huhong.mineral.index.IndexActor.aroundReceive(IndexActor.scala:50)
	at akka.actor.ActorCell.receiveMessage(ActorCell.scala:516)
	at akka.actor.ActorCell.invoke(ActorCell.scala:487)
	at akka.dispatch.Mailbox.processMailbox(Mailbox.scala:238)
	at akka.dispatch.Mailbox.run(Mailbox.scala:220)
	at java.util.concurrent.ThreadPoolExecutor.runWorker(ThreadPoolExecutor.java:1145)
	at java.util.concurrent.ThreadPoolExecutor$Worker.run(ThreadPoolExecutor.java:615)
	at java.lang.Thread.run(Thread.java:724)
2014-09-15 18:15:01,378 test-test-thread-pool-dispatcher-6 ERROR [com.huhong.mineral.index.IndexReaderHolder(57)] 打开索引文件错误！
org.apache.lucene.index.IndexNotFoundException: no segments* file found in MMapDirectory@/Users/admin/Documents/mineral/mineral/testindex/03f9b73fac8040ce89924233036c6e2f lockFactory=NativeFSLockFactory@/Users/admin/Documents/mineral/mineral/testindex/03f9b73fac8040ce89924233036c6e2f: files: [_0.fdt, _0.fdx, write.lock]
	at org.apache.lucene.index.SegmentInfos$FindSegmentsFile.run(SegmentInfos.java:865)
	at org.apache.lucene.index.StandardDirectoryReader.open(StandardDirectoryReader.java:53)
	at org.apache.lucene.index.DirectoryReader.open(DirectoryReader.java:67)
	at com.huhong.mineral.index.IndexReaderHolder$$anonfun$2.apply(IndexReaderHolder.scala:50)
	at com.huhong.mineral.index.IndexReaderHolder$$anonfun$2.apply(IndexReaderHolder.scala:47)
	at scala.collection.TraversableLike$$anonfun$map$1.apply(TraversableLike.scala:244)
	at scala.collection.TraversableLike$$anonfun$map$1.apply(TraversableLike.scala:244)
	at scala.collection.immutable.List.foreach(List.scala:318)
	at scala.collection.TraversableLike$class.map(TraversableLike.scala:244)
	at scala.collection.AbstractTraversable.map(Traversable.scala:105)
	at com.huhong.mineral.index.IndexReaderHolder.reOpenIndexReader(IndexReaderHolder.scala:47)
	at com.huhong.mineral.index.IndexReaderHolder.getIndexReaders(IndexReaderHolder.scala:29)
	at com.huhong.mineral.index.IndexController.getReader(IndexController.scala:37)
	at com.huhong.mineral.index.IndexActor$$anonfun$receive$1.applyOrElse(IndexActor.scala:83)
	at akka.actor.Actor$class.aroundReceive(Actor.scala:465)
	at com.huhong.mineral.index.IndexActor.aroundReceive(IndexActor.scala:50)
	at akka.actor.ActorCell.receiveMessage(ActorCell.scala:516)
	at akka.actor.ActorCell.invoke(ActorCell.scala:487)
	at akka.dispatch.Mailbox.processMailbox(Mailbox.scala:238)
	at akka.dispatch.Mailbox.run(Mailbox.scala:220)
	at java.util.concurrent.ThreadPoolExecutor.runWorker(ThreadPoolExecutor.java:1145)
	at java.util.concurrent.ThreadPoolExecutor$Worker.run(ThreadPoolExecutor.java:615)
	at java.lang.Thread.run(Thread.java:724)
2014-09-15 18:15:01,379 test-test-thread-pool-dispatcher-12 ERROR [com.huhong.mineral.index.IndexReaderHolder(57)] 打开索引文件错误！
org.apache.lucene.index.IndexNotFoundException: no segments* file found in MMapDirectory@/Users/admin/Documents/mineral/mineral/testindex/03f9b73fac8040ce89924233036c6e2f lockFactory=NativeFSLockFactory@/Users/admin/Documents/mineral/mineral/testindex/03f9b73fac8040ce89924233036c6e2f: files: [_0.fdt, _0.fdx, write.lock]
	at org.apache.lucene.index.SegmentInfos$FindSegmentsFile.run(SegmentInfos.java:865)
	at org.apache.lucene.index.StandardDirectoryReader.open(StandardDirectoryReader.java:53)
	at org.apache.lucene.index.DirectoryReader.open(DirectoryReader.java:67)
	at com.huhong.mineral.index.IndexReaderHolder$$anonfun$2.apply(IndexReaderHolder.scala:50)
	at com.huhong.mineral.index.IndexReaderHolder$$anonfun$2.apply(IndexReaderHolder.scala:47)
	at scala.collection.TraversableLike$$anonfun$map$1.apply(TraversableLike.scala:244)
	at scala.collection.TraversableLike$$anonfun$map$1.apply(TraversableLike.scala:244)
	at scala.collection.immutable.List.foreach(List.scala:318)
	at scala.collection.TraversableLike$class.map(TraversableLike.scala:244)
	at scala.collection.AbstractTraversable.map(Traversable.scala:105)
	at com.huhong.mineral.index.IndexReaderHolder.reOpenIndexReader(IndexReaderHolder.scala:47)
	at com.huhong.mineral.index.IndexReaderHolder.getIndexReaders(IndexReaderHolder.scala:29)
	at com.huhong.mineral.index.IndexController.getReader(IndexController.scala:37)
	at com.huhong.mineral.index.IndexActor$$anonfun$receive$1.applyOrElse(IndexActor.scala:83)
	at akka.actor.Actor$class.aroundReceive(Actor.scala:465)
	at com.huhong.mineral.index.IndexActor.aroundReceive(IndexActor.scala:50)
	at akka.actor.ActorCell.receiveMessage(ActorCell.scala:516)
	at akka.actor.ActorCell.invoke(ActorCell.scala:487)
	at akka.dispatch.Mailbox.processMailbox(Mailbox.scala:238)
	at akka.dispatch.Mailbox.run(Mailbox.scala:220)
	at java.util.concurrent.ThreadPoolExecutor.runWorker(ThreadPoolExecutor.java:1145)
	at java.util.concurrent.ThreadPoolExecutor$Worker.run(ThreadPoolExecutor.java:615)
	at java.lang.Thread.run(Thread.java:724)
